
Allocation started------414848736
Generation started------414848736
Generation ended--------414841176
Distribution started----414841176
Distribution ended------414817268
Freeing ended-----------414817268
Merging started---------414817268
Merging ended-----------414809708
Allocation started------414487096
Generation started------414487096
Generation ended--------414454840
Distribution started----414454840
Distribution ended------414423444
Freeing ended-----------414423444
Merging started---------414423444
Merging ended-----------414359296
Allocation started------414370172
Generation started------414370172
Generation ended--------414314364
Distribution started----414314364
Distribution ended------414263332
Freeing ended-----------414263332
Merging started---------414263332
Merging ended-----------414071204
Allocation started------413766696
Generation started------413766696
Generation ended--------413703684
Distribution started----413703684
Distribution ended------413616728
Freeing ended-----------413608524
Merging started---------413608028
Merging ended-----------413177328
Allocation started------412496220
Generation started------412496220
Generation ended--------412285512
Distribution started----412285512
Distribution ended------412062620
Freeing ended-----------412062620
Merging started---------412062620
Merging ended-----------411036784
Allocation started------409964016
Generation started------409964016
Generation ended--------409558492
Distribution started----409558492
Distribution ended------409135608
Freeing ended-----------409135608
Merging started---------409135280
Merging ended-----------406840872
Allocation started------405746492
Generation started------405746492
Generation ended--------405410200
Distribution started----405410200
Distribution ended------404652616
Freeing ended-----------404974672
Merging started---------404974732
Merging ended-----------398681700