--------------------------------------------------------------------------
Primary job  terminated normally, but 1 process returned
a non-zero exit code. Per user-direction, the job has been aborted.
--------------------------------------------------------------------------
--------------------------------------------------------------------------
mpirun noticed that process rank 40 with PID 0 on node epyc001 exited on signal 9 (Killed).
--------------------------------------------------------------------------
--------------------------------------------------------------------------
Primary job  terminated normally, but 1 process returned
a non-zero exit code. Per user-direction, the job has been aborted.
--------------------------------------------------------------------------
--------------------------------------------------------------------------
mpirun noticed that process rank 0 with PID 0 on node epyc001 exited on signal 9 (Killed).
--------------------------------------------------------------------------
Error: Unable to allocate memory for data on rank 0.
--------------------------------------------------------------------------
MPI_ABORT was invoked on rank 0 in communicator MPI_COMM_WORLD
with errorcode 1.

NOTE: invoking MPI_ABORT causes Open MPI to kill all MPI processes.
You may or may not see output from other processes, depending on
exactly when Open MPI kills them.
--------------------------------------------------------------------------
[epyc001:1836859] *** An error occurred in MPI_Scatterv
[epyc001:1836859] *** reported by process [1302462465,85]
[epyc001:1836859] *** on communicator MPI_COMM_WORLD
[epyc001:1836859] *** MPI_ERR_COUNT: invalid count argument
[epyc001:1836859] *** MPI_ERRORS_ARE_FATAL (processes in this communicator will now abort,
[epyc001:1836859] ***    and potentially your MPI job)
[epyc001.hpc:1836711] 254 more processes have sent help message help-mpi-errors.txt / mpi_errors_are_fatal
[epyc001.hpc:1836711] Set MCA parameter "orte_base_help_aggregate" to 0 to see all help / error messages
slurmstepd: error: Detected 4 oom_kill events in StepId=794025.batch. Some of the step tasks have been OOM Killed.
