

Nprocs=32
Allocation started------298215540
Generation started------298215540
Generation ended--------251959236
Distribution started----251959236
Distribution ended------205374512
Freeing ended-----------251633676
Merging started---------251636440
Merging ended-----------228414756

Nprocs=64
Allocation started------296102440
Generation started------296101936
Generation ended--------249865984
Distribution started----249866000
Distribution ended------203017704
Freeing ended-----------249286516
Merging started---------249290288
Merging ended-----------222492832

Nprocs=128
Allocation started------289855100
Generation started------289855100
Generation ended--------245514916
Distribution started----245514916
Distribution ended------198972032
Freeing ended-----------245216424
Merging started---------245221644
Merging ended-----------222447612