
Allocation started------256030784
Generation started------256030784
Generation ended--------249757700
Distribution started----249757700
Distribution ended------243479932
Freeing ended-----------246253948
Merging started---------246333352
Merging ended-----------243009832
Allocation started------255346012
Generation started------255346012
Generation ended--------249082508
Distribution started----249082508
Distribution ended------242804008
Freeing ended-----------244378000
Merging started---------244379248
Merging ended-----------238230928
Allocation started------253962780
Generation started------253962780
Generation ended--------248110880
Distribution started----248110880
Distribution ended------241835220
Freeing ended-----------247770324
Merging started---------247802304
Merging ended-----------237110376
Allocation started------252564680
Generation started------252564680
Generation ended--------246767640
Distribution started----246767640
Distribution ended------241198396
Freeing ended-----------247085976
Merging started---------247102488
Merging ended-----------231616228
Allocation started------249370336
Generation started------249370336
Generation ended--------243698416
Distribution started----243698416
Distribution ended------238116308
Freeing ended-----------244058856
Merging started---------244092404
Merging ended-----------224139272
Allocation started------245559984
Generation started------245559984
Generation ended--------239911764
Distribution started----239911764
Distribution ended------234364524
Freeing ended-----------240283272
Merging started---------240291488
Merging ended-----------216791372
Allocation started------240845536
Generation started------240845036
Generation ended--------235246544
Distribution started----235246544
Distribution ended------230741376
Freeing ended-----------236731820
Merging started---------236755364
Merging ended-----------214417776
Allocation started------247601312
Generation started------247601060
Generation ended--------242369460
Distribution started----242369460
Distribution ended------239808308
Freeing ended-----------242662964
Merging started---------242663184
Merging ended-----------225286076