

Nprocs=128
Allocation started------293163160
Generation started------293163160
Generation ended--------232917928
Distribution started----232917928
Distribution ended------171244088
Freeing ended-----------231608732
Merging started---------231631296
While merging------207318720
While merging------206816272
While merging------206699752
While merging------206634152
While merging------206622248
While merging------206617128
While merging------206614568
While merging------206557736
While merging------206564376
While merging------206584904
While merging------206588300
While merging------206570300
While merging------206701924
While merging------206707892
While merging------206703204
While merging------206703140
While merging------206733872
While merging------206757888
While merging------206753812
While merging------206773436
While merging------206779564
While merging------206763096
While merging------206784188
While merging------206831492
While merging------206892700
While merging------206890296
While merging------206969180
While merging------206961748
While merging------207144656
While merging------207231644
While merging------207780528
While merging------207908856
While merging------212409156
While merging------212044952
While merging------212029556
While merging------211956388
While merging------211925536
While merging------211889928
While merging------211868872
While merging------211740456
While merging------211642636
While merging------211600664
While merging------211565968
While merging------211537060
While merging------211451224
While merging------211189864
While merging------210844012
While merging------210828548
While merging------210722476
While merging------210719564
While merging------210707840
While merging------210656192
While merging------210660728
While merging------210667656
While merging------210682164
While merging------210676620
While merging------210643908
While merging------210642948
While merging------210799772
While merging------210809852
While merging------210824288
While merging------210856524
While merging------210892944
While merging------210910520
While merging------193066312
While merging------192914248
While merging------192790140
While merging------193046520
While merging------194557940
While merging------194664516
While merging------194672580
While merging------194638916
While merging------194640020
While merging------194654644
While merging------194634180
While merging------194609476
While merging------194549892
While merging------194519172
While merging------194434188
While merging------194413444
While merging------189203104
While merging------188514676
While merging------188322740
While merging------188274356
While merging------187946000
While merging------187926336
While merging------187941340
While merging------187831088
While merging------187811112
While merging------187754520
While merging------187762224
While merging------187678532
While merging------187560092
While merging------187505912
While merging------187472048
While merging------187292992
While merging------175577988
While merging------175390640
While merging------175682520
While merging------176329632
While merging------176465704
While merging------176908000
While merging------177276864
While merging------177468032
While merging------177864068
While merging------178121972
While merging------178876664
While merging------179643128
While merging------180360720
While merging------180362720
While merging------181677740
While merging------189977436
While merging------172320356
While merging------172046392
While merging------173478300
While merging------174567680
While merging------176057812
While merging------181421648
While merging------181594800
While merging------192320024
While merging------176711576
While merging------183057708
While merging------183410236
While merging------194509124
While merging------181919448
While merging------197628628
While merging------186330376
Merging ended-----------202189892