--------------------------------------------------------------------------
Primary job  terminated normally, but 1 process returned
a non-zero exit code. Per user-direction, the job has been aborted.
--------------------------------------------------------------------------
--------------------------------------------------------------------------
mpirun noticed that process rank 0 with PID 0 on node epyc006 exited on signal 9 (Killed).
--------------------------------------------------------------------------
Error: Unable to allocate memory for mydata on rank 85.
Error: Unable to allocate memory for mydata on rank 86.
Error: Unable to allocate memory for mydata on rank 115.
Error: Unable to allocate memory for mydata on rank 9.
Error: Unable to allocate memory for mydata on rank 101.
Error: Unable to allocate memory for mydata on rank 92.
Error: Unable to allocate memory for mydata on rank 103.
Error: Unable to allocate memory for mydata on rank 121.
Error: Unable to allocate memory for mydata on rank 60.
Error: Unable to allocate memory for mydata on rank 38.
Error: Unable to allocate memory for mydata on rank 39.
Error: Unable to allocate memory for mydata on rank 43.
Error: Unable to allocate memory for mydata on rank 70.
Error: Unable to allocate memory for mydata on rank 96.
Error: Unable to allocate memory for mydata on rank 3.
Error: Unable to allocate memory for mydata on rank 104.
Error: Unable to allocate memory for mydata on rank 78.
Error: Unable to allocate memory for mydata on rank 87.
Error: Unable to allocate memory for mydata on rank 14.
Error: Unable to allocate memory for mydata on rank 49.
Error: Unable to allocate memory for mydata on rank 84.
Error: Unable to allocate memory for mydata on rank 127.
Error: Unable to allocate memory for mydata on rank 17.
Error: Unable to allocate memory for mydata on rank 89.
Error: Unable to allocate memory for mydata on rank 97.
Error: Unable to allocate memory for mydata on rank 100.
Error: Unable to allocate memory for mydata on rank 11.
Error: Unable to allocate memory for mydata on rank 210.
Error: Unable to allocate memory for mydata on rank 90.
Error: Unable to allocate memory for mydata on rank 59.
Error: Unable to allocate memory for mydata on rank 64.
Error: Unable to allocate memory for mydata on rank 80.
Error: Unable to allocate memory for mydata on rank 162.
Error: Unable to allocate memory for mydata on rank 63.
Error: Unable to allocate memory for mydata on rank 72.
Error: Unable to allocate memory for mydata on rank 111.
Error: Unable to allocate memory for mydata on rank 184.
Error: Unable to allocate memory for mydata on rank 28.
Error: Unable to allocate memory for mydata on rank 56.
Error: Unable to allocate memory for mydata on rank 82.
Error: Unable to allocate memory for mydata on rank 207.
Error: Unable to allocate memory for mydata on rank 117.
Error: Unable to allocate memory for mydata on rank 58.
Error: Unable to allocate memory for mydata on rank 255.
Error: Unable to allocate memory for mydata on rank 68.
Error: Unable to allocate memory for mydata on rank 73.
Error: Unable to allocate memory for mydata on rank 81.
Error: Unable to allocate memory for mydata on rank 88.
Error: Unable to allocate memory for mydata on rank 242.
Error: Unable to allocate memory for mydata on rank 19.
Error: Unable to allocate memory for mydata on rank 46.
Error: Unable to allocate memory for mydata on rank 131.
Error: Unable to allocate memory for mydata on rank 116.
Error: Unable to allocate memory for mydata on rank 1.
Error: Unable to allocate memory for mydata on rank 135.
Error: Unable to allocate memory for mydata on rank 61.
Error: Unable to allocate memory for mydata on rank 67.
Error: Unable to allocate memory for mydata on rank 79.
Error: Unable to allocate memory for mydata on rank 137.
Error: Unable to allocate memory for mydata on rank 125.
Error: Unable to allocate memory for mydata on rank 71.
--------------------------------------------------------------------------
MPI_ABORT was invoked on rank 38 in communicator MPI_COMM_WORLD
with errorcode 1.

NOTE: invoking MPI_ABORT causes Open MPI to kill all MPI processes.
You may or may not see output from other processes, depending on
exactly when Open MPI kills them.
--------------------------------------------------------------------------
Error: Unable to allocate memory for mydata on rank 141.
Error: Unable to allocate memory for mydata on rank 6.
Error: Unable to allocate memory for mydata on rank 7.
Error: Unable to allocate memory for mydata on rank 8.
Error: Unable to allocate memory for mydata on rank 10.
Error: Unable to allocate memory for mydata on rank 12.
Error: Unable to allocate memory for mydata on rank 15.
Error: Unable to allocate memory for mydata on rank 22.
Error: Unable to allocate memory for mydata on rank 23.
Error: Unable to allocate memory for mydata on rank 24.
Error: Unable to allocate memory for mydata on rank 27.
Error: Unable to allocate memory for mydata on rank 29.
Error: Unable to allocate memory for mydata on rank 30.
Error: Unable to allocate memory for mydata on rank 33.
Error: Unable to allocate memory for mydata on rank 34.
Error: Unable to allocate memory for mydata on rank 36.
Error: Unable to allocate memory for mydata on rank 42.
Error: Unable to allocate memory for mydata on rank 44.
Error: Unable to allocate memory for mydata on rank 51.
Error: Unable to allocate memory for mydata on rank 52.
Error: Unable to allocate memory for mydata on rank 57.
Error: Unable to allocate memory for mydata on rank 62.
Error: Unable to allocate memory for mydata on rank 75.
Error: Unable to allocate memory for mydata on rank 77.
Error: Unable to allocate memory for mydata on rank 83.
Error: Unable to allocate memory for mydata on rank 94.
Error: Unable to allocate memory for mydata on rank 98.
Error: Unable to allocate memory for mydata on rank 99.
Error: Unable to allocate memory for mydata on rank 105.
Error: Unable to allocate memory for mydata on rank 106.
Error: Unable to allocate memory for mydata on rank 112.
Error: Unable to allocate memory for mydata on rank 113.
Error: Unable to allocate memory for mydata on rank 114.
Error: Unable to allocate memory for mydata on rank 119.
Error: Unable to allocate memory for mydata on rank 120.
Error: Unable to allocate memory for mydata on rank 126.
Error: Unable to allocate memory for mydata on rank 4.
Error: Unable to allocate memory for mydata on rank 160.
Error: Unable to allocate memory for mydata on rank 2.
Error: Unable to allocate memory for mydata on rank 5.
Error: Unable to allocate memory for mydata on rank 13.
Error: Unable to allocate memory for mydata on rank 16.
Error: Unable to allocate memory for mydata on rank 18.
Error: Unable to allocate memory for mydata on rank 20.
Error: Unable to allocate memory for mydata on rank 21.
Error: Unable to allocate memory for mydata on rank 25.
Error: Unable to allocate memory for mydata on rank 26.
Error: Unable to allocate memory for mydata on rank 31.
Error: Unable to allocate memory for mydata on rank 32.
Error: Unable to allocate memory for mydata on rank 35.
Error: Unable to allocate memory for mydata on rank 37.
Error: Unable to allocate memory for mydata on rank 40.
Error: Unable to allocate memory for mydata on rank 41.
Error: Unable to allocate memory for mydata on rank 45.
Error: Unable to allocate memory for mydata on rank 47.
Error: Unable to allocate memory for mydata on rank 48.
Error: Unable to allocate memory for mydata on rank 50.
Error: Unable to allocate memory for mydata on rank 53.
Error: Unable to allocate memory for mydata on rank 54.
Error: Unable to allocate memory for mydata on rank 55.
Error: Unable to allocate memory for mydata on rank 65.
Error: Unable to allocate memory for mydata on rank 66.
Error: Unable to allocate memory for mydata on rank 69.
Error: Unable to allocate memory for mydata on rank 74.
Error: Unable to allocate memory for mydata on rank 76.
Error: Unable to allocate memory for mydata on rank 91.
Error: Unable to allocate memory for mydata on rank 93.
Error: Unable to allocate memory for mydata on rank 95.
Error: Unable to allocate memory for mydata on rank 102.
Error: Unable to allocate memory for mydata on rank 107.
Error: Unable to allocate memory for mydata on rank 108.
Error: Unable to allocate memory for mydata on rank 109.
Error: Unable to allocate memory for mydata on rank 110.
Error: Unable to allocate memory for mydata on rank 118.
Error: Unable to allocate memory for mydata on rank 122.
Error: Unable to allocate memory for mydata on rank 123.
Error: Unable to allocate memory for mydata on rank 124.
Error: Unable to allocate memory for mydata on rank 215.
Error: Unable to allocate memory for mydata on rank 222.
Error: Unable to allocate memory for mydata on rank 232.
Error: Unable to allocate memory for mydata on rank 140.
Error: Unable to allocate memory for mydata on rank 153.
Error: Unable to allocate memory for mydata on rank 177.
Error: Unable to allocate memory for mydata on rank 186.
Error: Unable to allocate memory for mydata on rank 197.
Error: Unable to allocate memory for mydata on rank 211.
Error: Unable to allocate memory for mydata on rank 244.
Error: Unable to allocate memory for mydata on rank 251.
Error: Unable to allocate memory for mydata on rank 194.
Error: Unable to allocate memory for mydata on rank 247.
Error: Unable to allocate memory for mydata on rank 240.
Error: Unable to allocate memory for mydata on rank 154.
Error: Unable to allocate memory for mydata on rank 238.
Error: Unable to allocate memory for mydata on rank 253.
Error: Unable to allocate memory for mydata on rank 233.
Error: Unable to allocate memory for mydata on rank 172.
Error: Unable to allocate memory for mydata on rank 243.
Error: Unable to allocate memory for mydata on rank 151.
Error: Unable to allocate memory for mydata on rank 0.
Error: Unable to allocate memory for mydata on rank 132.
Error: Unable to allocate memory for mydata on rank 203.
Error: Unable to allocate memory for mydata on rank 149.
Error: Unable to allocate memory for mydata on rank 250.
Error: Unable to allocate memory for mydata on rank 200.
Error: Unable to allocate memory for mydata on rank 158.
Error: Unable to allocate memory for mydata on rank 189.
Error: Unable to allocate memory for mydata on rank 133.
Error: Unable to allocate memory for mydata on rank 134.
Error: Unable to allocate memory for mydata on rank 187.
Error: Unable to allocate memory for mydata on rank 245.
Error: Unable to allocate memory for mydata on rank 170.
Error: Unable to allocate memory for mydata on rank 129.
Error: Unable to allocate memory for mydata on rank 171.
Error: Unable to allocate memory for mydata on rank 239.
Error: Unable to allocate memory for mydata on rank 146.
Error: Unable to allocate memory for mydata on rank 229.
Error: Unable to allocate memory for mydata on rank 150.
Error: Unable to allocate memory for mydata on rank 223.
Error: Unable to allocate memory for mydata on rank 138.
Error: Unable to allocate memory for mydata on rank 254.
Error: Unable to allocate memory for mydata on rank 136.
Error: Unable to allocate memory for mydata on rank 176.
Error: Unable to allocate memory for mydata on rank 252.
Error: Unable to allocate memory for mydata on rank 178.
Error: Unable to allocate memory for mydata on rank 190.
Error: Unable to allocate memory for mydata on rank 193.
Error: Unable to allocate memory for mydata on rank 142.
Error: Unable to allocate memory for mydata on rank 169.
Error: Unable to allocate memory for mydata on rank 128.
Error: Unable to allocate memory for mydata on rank 204.
Error: Unable to allocate memory for mydata on rank 161.
Error: Unable to allocate memory for mydata on rank 175.
Error: Unable to allocate memory for mydata on rank 174.
Error: Unable to allocate memory for mydata on rank 173.
Error: Unable to allocate memory for mydata on rank 195.
Error: Unable to allocate memory for mydata on rank 199.
Error: Unable to allocate memory for mydata on rank 228.
Error: Unable to allocate memory for mydata on rank 230.
Error: Unable to allocate memory for mydata on rank 231.
Error: Unable to allocate memory for mydata on rank 234.
Error: Unable to allocate memory for mydata on rank 235.
Error: Unable to allocate memory for mydata on rank 236.
Error: Unable to allocate memory for mydata on rank 237.
Error: Unable to allocate memory for mydata on rank 241.
Error: Unable to allocate memory for mydata on rank 246.
Error: Unable to allocate memory for mydata on rank 248.
Error: Unable to allocate memory for mydata on rank 249.
Error: Unable to allocate memory for mydata on rank 130.
Error: Unable to allocate memory for mydata on rank 139.
Error: Unable to allocate memory for mydata on rank 143.
Error: Unable to allocate memory for mydata on rank 144.
Error: Unable to allocate memory for mydata on rank 145.
Error: Unable to allocate memory for mydata on rank 147.
Error: Unable to allocate memory for mydata on rank 148.
Error: Unable to allocate memory for mydata on rank 152.
Error: Unable to allocate memory for mydata on rank 155.
Error: Unable to allocate memory for mydata on rank 156.
Error: Unable to allocate memory for mydata on rank 157.
Error: Unable to allocate memory for mydata on rank 159.
Error: Unable to allocate memory for mydata on rank 163.
Error: Unable to allocate memory for mydata on rank 164.
Error: Unable to allocate memory for mydata on rank 165.
Error: Unable to allocate memory for mydata on rank 166.
Error: Unable to allocate memory for mydata on rank 167.
Error: Unable to allocate memory for mydata on rank 168.
Error: Unable to allocate memory for mydata on rank 179.
Error: Unable to allocate memory for mydata on rank 180.
Error: Unable to allocate memory for mydata on rank 181.
Error: Unable to allocate memory for mydata on rank 182.
Error: Unable to allocate memory for mydata on rank 183.
Error: Unable to allocate memory for mydata on rank 185.
Error: Unable to allocate memory for mydata on rank 188.
Error: Unable to allocate memory for mydata on rank 191.
Error: Unable to allocate memory for mydata on rank 192.
Error: Unable to allocate memory for mydata on rank 196.
Error: Unable to allocate memory for mydata on rank 198.
Error: Unable to allocate memory for mydata on rank 201.
Error: Unable to allocate memory for mydata on rank 202.
Error: Unable to allocate memory for mydata on rank 205.
Error: Unable to allocate memory for mydata on rank 206.
Error: Unable to allocate memory for mydata on rank 208.
Error: Unable to allocate memory for mydata on rank 209.
Error: Unable to allocate memory for mydata on rank 212.
Error: Unable to allocate memory for mydata on rank 213.
Error: Unable to allocate memory for mydata on rank 214.
Error: Unable to allocate memory for mydata on rank 216.
Error: Unable to allocate memory for mydata on rank 217.
Error: Unable to allocate memory for mydata on rank 218.
Error: Unable to allocate memory for mydata on rank 219.
Error: Unable to allocate memory for mydata on rank 220.
Error: Unable to allocate memory for mydata on rank 221.
Error: Unable to allocate memory for mydata on rank 224.
Error: Unable to allocate memory for mydata on rank 225.
Error: Unable to allocate memory for mydata on rank 226.
Error: Unable to allocate memory for mydata on rank 227.
[epyc006.hpc:1716976] 255 more processes have sent help message help-mpi-api.txt / mpi-abort
[epyc006.hpc:1716976] Set MCA parameter "orte_base_help_aggregate" to 0 to see all help / error messages
slurmstepd: error: Detected 2 oom_kill events in StepId=802428.batch. Some of the step tasks have been OOM Killed.
