
Allocation started------428811004
Generation started------428811004
Generation ended--------427892220
Distribution started----427892220
Distribution ended------426634640
Freeing ended-----------426844304
Merging started---------426851112
Merging ended-----------426150860
Allocation started------428133288
Generation started------428133288
Generation ended--------426076756
Distribution started----426076756
Distribution ended------423558220
Freeing ended-----------423759820
Merging started---------423777748
Merging ended-----------422191740
Allocation started------427309000
Generation started------427309000
Generation ended--------422305972
Distribution started----422305972
Distribution ended------417700152
Freeing ended-----------422336952
Merging started---------422346028
Merging ended-----------417401548
Allocation started------424622804
Generation started------424622804
Generation ended--------414742672
Distribution started----414742672
Distribution ended------405832792
Freeing ended-----------415542100
Merging started---------415550040
Merging ended-----------406551648
Allocation started------421346088
Generation started------421346088
Generation ended--------402160380
Distribution started----402160380
Distribution ended------383440020
Freeing ended-----------403342156
Merging started---------403367484
Merging ended-----------389791896
Allocation started------419690512
Generation started------419690260
Generation ended--------381269388
Distribution started----381269144
Distribution ended------341892532
Freeing ended-----------381981156
Merging started---------382004988
Merging ended-----------360601716
Allocation started------418092248
Generation started------418124060
Generation ended--------341339684
Distribution started----341339684
Allocation started------417477224