
Allocation started------259942860
Generation started------259942860
Generation ended--------238204396
Distribution started----238204396
Distribution ended------216754956
Freeing ended-----------227648716
Merging started---------227662176
Merging ended-----------216344060
Allocation started------259528812
Generation started------259528812
Generation ended--------237828904
Distribution started----237828904
Distribution ended------216353852
Freeing ended-----------221739092
Merging started---------221805368
Merging ended-----------207326716
Allocation started------259732496
Generation started------259732496
Generation ended--------238069816
Distribution started----238069816
Distribution ended------216425240
Freeing ended-----------237989388
Merging started---------238103920
Merging ended-----------208603356
Allocation started------262722052
Generation started------262722052
Generation ended--------241218872
Distribution started----241218872
Distribution ended------219449744
Freeing ended-----------241079916
Merging started---------241117012
Merging ended-----------204328660
Allocation started------269166164
Generation started------269165660
Generation ended--------247974396
Distribution started----247974396
Distribution ended------226810476
Freeing ended-----------248431944
Merging started---------248489528
Merging ended-----------191189616
Allocation started------266705360
Generation started------266705360
Generation ended--------245629472
Distribution started----245629832
Distribution ended------224007080
Freeing ended-----------245651036
Merging started---------245679528
Merging ended-----------179893048
Allocation started------265794840
Generation started------265794840
Generation ended--------245788856
Distribution started----245789552
Distribution ended------223848972
Freeing ended-----------245482276
Merging started---------245482528
Allocation started------276988188
Generation started------276980444
Generation ended--------255773896
Distribution started----255773960
Distribution ended------244280756
Freeing ended-----------255079236
Merging started---------255079488
Merging ended-----------204914752