
Allocation started------413242484
Generation started------413242484
Generation ended--------413234924
Distribution started----413234924
Distribution ended------413211008
Freeing ended-----------413211008
Merging started---------413211008
Merging ended-----------413209124
Allocation started------412996124
Generation started------412996124
Generation ended--------412956308
Distribution started----412956308
Distribution ended------412933004
Freeing ended-----------412933004
Merging started---------412933004
Merging ended-----------412874472
Allocation started------412962724
Generation started------412962724
Generation ended--------412906920
Distribution started----412906920
Distribution ended------412847824
Freeing ended-----------412840228
Merging started---------412839976
Merging ended-----------412663056
Allocation started------412290392
Generation started------412290392
Generation ended--------412290392
Distribution started----412290392
Distribution ended------412220832
Freeing ended-----------412320624
Merging started---------412320384
Merging ended-----------411728264
Allocation started------411017068
Generation started------411017068
Generation ended--------410807120
Distribution started----410807120
Distribution ended------410590444
Freeing ended-----------410588428
Merging started---------410584848
Merging ended-----------409326280
Allocation started------408208856
Generation started------408208856
Generation ended--------408206096
Distribution started----408206096
Distribution ended------407843672
Freeing ended-----------407843672
Merging started---------407843672
Merging ended-----------405345220
Allocation started------404120048
Generation started------404116412
Generation ended--------403310704
Distribution started----403310704
Distribution ended------402514696
Freeing ended-----------402841372
Merging started---------402741676
Merging ended-----------397496208