[epyc002:1381581:0:1381581] Caught signal 11 (Segmentation fault: address not mapped to object at address 0x7fdde2c00008)
[epyc002:1381590:0:1381590] Caught signal 11 (Segmentation fault: address not mapped to object at address 0x7f9b19c00008)
[epyc002:1381588:0:1381588] Caught signal 11 (Segmentation fault: address not mapped to object at address 0x7ff80ac00008)
[epyc002:1381585:0:1381585] Caught signal 11 (Segmentation fault: address not mapped to object at address 0x7ff923200008)
[epyc002:1381586:0:1381586] Caught signal 11 (Segmentation fault: address not mapped to object at address 0x7f9167a00008)
==== backtrace (tid:1381586) ====
 0  /lib64/libucs.so.0(ucs_handle_error+0x2e4) [0x7f9558c09144]
 1  /lib64/libucs.so.0(+0x2880d) [0x7f9558c0a80d]
 2  /lib64/libucs.so.0(+0x289dd) [0x7f9558c0a9dd]
 3  /lib64/libc.so.6(__libc_free+0x25) [0x7f955bf084f5]
 4  ./qsort() [0x401719]
 5  /lib64/libc.so.6(+0x2a088) [0x7f955be8a088]
 6  /lib64/libc.so.6(__libc_start_main+0x8b) [0x7f955be8a14b]
 7  ./qsort() [0x401975]
=================================
[epyc002:1381593:0:1381593] Caught signal 11 (Segmentation fault: address not mapped to object at address 0x7f3bb5c00008)
[epyc002:1381592:0:1381592] Caught signal 11 (Segmentation fault: address not mapped to object at address 0x7f3cf6c00008)
[epyc002:1381587:0:1381587] Caught signal 11 (Segmentation fault: address not mapped to object at address 0x7f4439c00008)
[epyc002:1381589:0:1381589] Caught signal 11 (Segmentation fault: address not mapped to object at address 0x7f3060200008)
[epyc002:1381595:0:1381595] Caught signal 11 (Segmentation fault: address not mapped to object at address 0x7f699dc00008)
[epyc002:1381594:0:1381594] Caught signal 11 (Segmentation fault: address not mapped to object at address 0x7faea2c00008)
[epyc002:1381508:0:1381508] Caught signal 11 (Segmentation fault: address not mapped to object at address 0x7fc601c00008)
==== backtrace (tid:1381508) ====
 0  /lib64/libucs.so.0(ucs_handle_error+0x2e4) [0x7fc639809144]
 1  /lib64/libucs.so.0(+0x2880d) [0x7fc63980a80d]
 2  /lib64/libucs.so.0(+0x289dd) [0x7fc63980a9dd]
 3  /lib64/libc.so.6(__libc_free+0x25) [0x7fc63cab64f5]
 4  ./qsort() [0x401719]
 5  /lib64/libc.so.6(+0x2a088) [0x7fc63ca38088]
 6  /lib64/libc.so.6(__libc_start_main+0x8b) [0x7fc63ca3814b]
 7  ./qsort() [0x401975]
=================================
[epyc002:1381511:0:1381511] Caught signal 11 (Segmentation fault: address not mapped to object at address 0x7f96f2c00008)
[epyc002:1381513:0:1381513] Caught signal 11 (Segmentation fault: address not mapped to object at address 0x7fb261c00008)
==== backtrace (tid:1381513) ====
 0  /lib64/libucs.so.0(ucs_handle_error+0x2e4) [0x7fb295e09144]
 1  /lib64/libucs.so.0(+0x2880d) [0x7fb295e0a80d]
 2  /lib64/libucs.so.0(+0x289dd) [0x7fb295e0a9dd]
 3  /lib64/libc.so.6(__libc_free+0x25) [0x7fb29d0fb4f5]
 4  ./qsort() [0x401719]
 5  /lib64/libc.so.6(+0x2a088) [0x7fb29d07d088]
 6  /lib64/libc.so.6(__libc_start_main+0x8b) [0x7fb29d07d14b]
 7  ./qsort() [0x401975]
[epyc002:1381510:0:1381510] Caught signal 11 (Segmentation fault: address not mapped to object at address 0x7f4e06c00008)
==== backtrace (tid:1381510) ====
 0  /lib64/libucs.so.0(ucs_handle_error+0x2e4) [0x7f4eff02a144]
 1  /lib64/libucs.so.0(+0x2880d) [0x7f4eff02b80d]
 2  /lib64/libucs.so.0(+0x289dd) [0x7f4eff02b9dd]
 3  /lib64/libc.so.6(__libc_free+0x25) [0x7f4f00d114f5]
 4  ./qsort() [0x401719]
 5  /lib64/libc.so.6(+0x2a088) [0x7f4f00c93088]
 6  /lib64/libc.so.6(__libc_start_main+0x8b) [0x7f4f00c9314b]
 7  ./qsort() [0x401975]
=================================
[epyc002:1381510] *** Process received signal ***
[epyc002:1381510] Signal: Segmentation fault (11)
[epyc002:1381510] Signal code:  (-6)
[epyc002:1381510] Failing at address: 0x99cf3800151486
[epyc002:1381512:0:1381512] Caught signal 11 (Segmentation fault: address not mapped to object at address 0x7fc94dc00008)
==== backtrace (tid:1381512) ====
 0  /lib64/libucs.so.0(ucs_handle_error+0x2e4) [0x7fc984c09144]
 1  /lib64/libucs.so.0(+0x2880d) [0x7fc984c0a80d]
 2  /lib64/libucs.so.0(+0x289dd) [0x7fc984c0a9dd]
 3  /lib64/libc.so.6(__libc_free+0x25) [0x7fc987f0c4f5]
 4  ./qsort() [0x401719]
 5  /lib64/libc.so.6(+0x2a088) [0x7fc987e8e088]
 6  /lib64/libc.so.6(__libc_start_main+0x8b) [0x7fc987e8e14b]
 7  ./qsort() [0x401975]
=================================
[epyc002:1381512] *** Process received signal ***
[epyc002:1381512] Signal: Segmentation fault (11)
[epyc002:1381512] Signal code:  (-6)
[epyc002:1381512] Failing at address: 0x99cf3800151488
[epyc002:1381516:0:1381516] Caught signal 11 (Segmentation fault: address not mapped to object at address 0x7f9021c00008)
[epyc002:1381518:0:1381518] Caught signal 11 (Segmentation fault: address not mapped to object at address 0x7f620ac00008)
[epyc002:1381541:0:1381541] Caught signal 11 (Segmentation fault: address not mapped to object at address 0x7f7679c00008)
[epyc002:1381543:0:1381543] Caught signal 11 (Segmentation fault: address not mapped to object at address 0x7ff7fec00008)
==== backtrace (tid:1381543) ====
 0  /lib64/libucs.so.0(ucs_handle_error+0x2e4) [0x7ff8f4e09144]
 1  /lib64/libucs.so.0(+0x2880d) [0x7ff8f4e0a80d]
 2  /lib64/libucs.so.0(+0x289dd) [0x7ff8f4e0a9dd]
 3  /lib64/libc.so.6(__libc_free+0x25) [0x7ff8f80ec4f5]
 4  ./qsort() [0x401719]
 5  /lib64/libc.so.6(+0x2a088) [0x7ff8f806e088]
 6  /lib64/libc.so.6(__libc_start_main+0x8b) [0x7ff8f806e14b]
 7  ./qsort() [0x401975]
=================================
[epyc002:1381543] *** Process received signal ***
[epyc002:1381543] Signal: Segmentation fault (11)
[epyc002:1381543] Signal code:  (-6)
[epyc002:1381543] Failing at address: 0x99cf38001514a7
[epyc002:1381552:0:1381552] Caught signal 11 (Segmentation fault: address not mapped to object at address 0x7fddadc00008)
[epyc002:1381546:0:1381546] Caught signal 11 (Segmentation fault: address not mapped to object at address 0x7fe6d9c00008)
==== backtrace (tid:1381546) ====
 0  /lib64/libucs.so.0(ucs_handle_error+0x2e4) [0x7fe711709144]
 1  /lib64/libucs.so.0(+0x2880d) [0x7fe71170a80d]
 2  /lib64/libucs.so.0(+0x289dd) [0x7fe71170a9dd]
 3  /lib64/libc.so.6(__libc_free+0x25) [0x7fe7149bb4f5]
 4  ./qsort() [0x401719]
 5  /lib64/libc.so.6(+0x2a088) [0x7fe71493d088]
 6  /lib64/libc.so.6(__libc_start_main+0x8b) [0x7fe71493d14b]
 7  ./qsort() [0x401975]
=================================
[epyc002:1381545:0:1381545] Caught signal 11 (Segmentation fault: address not mapped to object at address 0x7fe2f9000008)
[epyc002:1381556:0:1381556] Caught signal 11 (Segmentation fault: address not mapped to object at address 0x7f9a99c00008)
[epyc002:1381555:0:1381555] Caught signal 11 (Segmentation fault: address not mapped to object at address 0x7f41b4200008)
==== backtrace (tid:1381555) ====
 0  /lib64/libucs.so.0(ucs_handle_error+0x2e4) [0x7f42a75a9144]
 1  /lib64/libucs.so.0(+0x2880d) [0x7f42a75aa80d]
 2  /lib64/libucs.so.0(+0x289dd) [0x7f42a75aa9dd]
 3  /lib64/libc.so.6(__libc_free+0x25) [0x7f42ae8624f5]
 4  ./qsort() [0x401719]
 5  /lib64/libc.so.6(+0x2a088) [0x7f42ae7e4088]
 6  /lib64/libc.so.6(__libc_start_main+0x8b) [0x7f42ae7e414b]
 7  ./qsort() [0x401975]
=================================
[epyc002:1381554:0:1381554] Caught signal 11 (Segmentation fault: address not mapped to object at address 0x7f9659000008)
==== backtrace (tid:1381554) ====
 0  /lib64/libucs.so.0(ucs_handle_error+0x2e4) [0x7f9a473cc144]
 1  /lib64/libucs.so.0(+0x2880d) [0x7f9a473cd80d]
 2  /lib64/libucs.so.0(+0x289dd) [0x7f9a473cd9dd]
 3  /lib64/libc.so.6(__libc_free+0x25) [0x7f9a4e6ff4f5]
 4  ./qsort() [0x401719]
 5  /lib64/libc.so.6(+0x2a088) [0x7f9a4e681088]
 6  /lib64/libc.so.6(__libc_start_main+0x8b) [0x7f9a4e68114b]
 7  ./qsort() [0x401975]
=================================
[epyc002:1381554] *** Process received signal ***
[epyc002:1381554] Signal: Segmentation fault (11)
[epyc002:1381554] Signal code:  (-6)
[epyc002:1381554] Failing at address: 0x99cf38001514b2
[epyc002:1381560:0:1381560] Caught signal 11 (Segmentation fault: address not mapped to object at address 0x7f279f200008)
[epyc002:1381558:0:1381558] Caught signal 11 (Segmentation fault: address not mapped to object at address 0x7f099ac00008)
==== backtrace (tid:1381558) ====
 0  /lib64/libucs.so.0(ucs_handle_error+0x2e4) [0x7f0a91537144]
 1  /lib64/libucs.so.0(+0x2880d) [0x7f0a9153880d]
 2  /lib64/libucs.so.0(+0x289dd) [0x7f0a915389dd]
 3  /lib64/libc.so.6(__libc_free+0x25) [0x7f0a947ea4f5]
 4  ./qsort() [0x401719]
 5  /lib64/libc.so.6(+0x2a088) [0x7f0a9476c088]
 6  /lib64/libc.so.6(__libc_start_main+0x8b) [0x7f0a9476c14b]
 7  ./qsort() [0x401975]
=================================
[epyc002:1381558] *** Process received signal ***
[epyc002:1381558] Signal: Segmentation fault (11)
[epyc002:1381558] Signal code:  (-6)
[epyc002:1381558] Failing at address: 0x99cf38001514b6
[epyc002:1381564:0:1381564] Caught signal 11 (Segmentation fault: address not mapped to object at address 0x7f4cd9c00008)
[epyc002:1381563:0:1381563] Caught signal 11 (Segmentation fault: address not mapped to object at address 0x7f2af6c00008)
[epyc002:1381561:0:1381561] Caught signal 11 (Segmentation fault: address not mapped to object at address 0x7f415dc00008)
==== backtrace (tid:1381561) ====
 0  /lib64/libucs.so.0(ucs_handle_error+0x2e4) [0x7f4195488144]
 1  /lib64/libucs.so.0(+0x2880d) [0x7f419548980d]
 2  /lib64/libucs.so.0(+0x289dd) [0x7f41954899dd]
 3  /lib64/libc.so.6(__libc_free+0x25) [0x7f419873c4f5]
 4  ./qsort() [0x401719]
 5  /lib64/libc.so.6(+0x2a088) [0x7f41986be088]
 6  /lib64/libc.so.6(__libc_start_main+0x8b) [0x7f41986be14b]
 7  ./qsort() [0x401975]
=================================
[epyc002:1381562:0:1381562] Caught signal 11 (Segmentation fault: address not mapped to object at address 0x7f1b86e00008)
==== backtrace (tid:1381562) ====
 0  /lib64/libucs.so.0(ucs_handle_error+0x2e4) [0x7f2bfc888144]
 1  /lib64/libucs.so.0(+0x2880d) [0x7f2bfc88980d]
 2  /lib64/libucs.so.0(+0x289dd) [0x7f2bfc8899dd]
 3  /lib64/libc.so.6(__libc_free+0x25) [0x7f2bffb3a4f5]
 4  ./qsort() [0x401719]
 5  /lib64/libc.so.6(+0x2a088) [0x7f2bffabc088]
 6  /lib64/libc.so.6(__libc_start_main+0x8b) [0x7f2bffabc14b]
 7  ./qsort() [0x401975]
=================================
[epyc002:1381562] *** Process received signal ***
[epyc002:1381562] Signal: Segmentation fault (11)
[epyc002:1381562] Signal code:  (-6)
[epyc002:1381562] Failing at address: 0x99cf38001514ba
[epyc002:1381568:0:1381568] Caught signal 11 (Segmentation fault: address not mapped to object at address 0x7f4335c00008)
==== backtrace (tid:1381568) ====
 0  /lib64/libucs.so.0(ucs_handle_error+0x2e4) [0x7f436d609144]
 1  /lib64/libucs.so.0(+0x2880d) [0x7f436d60a80d]
 2  /lib64/libucs.so.0(+0x289dd) [0x7f436d60a9dd]
 3  /lib64/libc.so.6(__libc_free+0x25) [0x7f43708ef4f5]
 4  ./qsort() [0x401719]
 5  /lib64/libc.so.6(+0x2a088) [0x7f4370871088]
 6  /lib64/libc.so.6(__libc_start_main+0x8b) [0x7f437087114b]
 7  ./qsort() [0x401975]
=================================
[epyc002:1381568] *** Process received signal ***
[epyc002:1381568] Signal: Segmentation fault (11)
[epyc002:1381568] Signal code:  (-6)
[epyc002:1381568] Failing at address: 0x99cf38001514c0
[epyc002:1381568] [ 0] /lib64/libc.so.6(+0x40d00)[0x7f4370887d00]
[epyc002:1381568] [ 1] /lib64/libc.so.6(__libc_free+0x25)[0x7f43708ef4f5]
[epyc002:1381568] [ 2] ./qsort[0x401719]
[epyc002:1381568] [ 3] [epyc002:1381565:0:1381565] Caught signal 11 (Segmentation fault: address not mapped to object at address 0x7f32b9a00008)
==== backtrace (tid:1381565) ====
 0  /lib64/libucs.so.0(ucs_handle_error+0x2e4) [0x7f32f01ef144]
 1  /lib64/libucs.so.0(+0x2880d) [0x7f32f01f080d]
 2  /lib64/libucs.so.0(+0x289dd) [0x7f32f01f09dd]
 3  /lib64/libc.so.6(__libc_free+0x25) [0x7f32f349d4f5]
 4  ./qsort() [0x401719]
 5  /lib64/libc.so.6(+0x2a088) [0x7f32f341f088]
 6  /lib64/libc.so.6(__libc_start_main+0x8b) [0x7f32f341f14b]
 7  ./qsort() [0x401975]
=================================
[epyc002:1381566:0:1381566] Caught signal 11 (Segmentation fault: address not mapped to object at address 0x7f4d3ec00008)
==== backtrace (tid:1381566) ====
 0  /lib64/libucs.so.0(ucs_handle_error+0x2e4) [0x7f4e35495144]
 1  /lib64/libucs.so.0(+0x2880d) [0x7f4e3549680d]
 2  /lib64/libucs.so.0(+0x289dd) [0x7f4e354969dd]
 3  /lib64/libc.so.6(__libc_free+0x25) [0x7f4e387494f5]
 4  ./qsort() [0x401719]
 5  /lib64/libc.so.6(+0x2a088) [0x7f4e386cb088]
 6  /lib64/libc.so.6(__libc_start_main+0x8b) [0x7f4e386cb14b]
 7  ./qsort() [0x401975]
=================================
[epyc002:1381566] *** Process received signal ***
[epyc002:1381566] Signal: Segmentation fault (11)
[epyc002:1381566] Signal code:  (-6)
[epyc002:1381566] Failing at address: 0x99cf38001514be
[epyc002:1381571:0:1381571] Caught signal 11 (Segmentation fault: address not mapped to object at address 0x7f088f200008)
==== backtrace (tid:1381571) ====
 0  /lib64/libucs.so.0(ucs_handle_error+0x2e4) [0x7f08c3e93144]
 1  /lib64/libucs.so.0(+0x2880d) [0x7f08c3e9480d]
 2  /lib64/libucs.so.0(+0x289dd) [0x7f08c3e949dd]
 3  /lib64/libc.so.6(__libc_free+0x25) [0x7f08cb1404f5]
 4  ./qsort() [0x401719]
 5  /lib64/libc.so.6(+0x2a088) [0x7f08cb0c2088]
 6  /lib64/libc.so.6(__libc_start_main+0x8b) [0x7f08cb0c214b]
 7  ./qsort() [0x401975]
=================================
[epyc002:1381571] *** Process received signal ***
[epyc002:1381571] Signal: Segmentation fault (11)
[epyc002:1381571] Signal code:  (-6)
[epyc002:1381571] Failing at address: 0x99cf38001514c3
[epyc002:1381573:0:1381573] Caught signal 11 (Segmentation fault: address not mapped to object at address 0x7fac18200008)
==== backtrace (tid:1381573) ====
 0  /lib64/libucs.so.0(ucs_handle_error+0x2e4) [0x7fad0b4cd144]
 1  /lib64/libucs.so.0(+0x2880d) [0x7fad0b4ce80d]
 2  /lib64/libucs.so.0(+0x289dd) [0x7fad0b4ce9dd]
 3  /lib64/libc.so.6(__libc_free+0x25) [0x7fad1277d4f5]
 4  ./qsort() [0x401719]
 5  /lib64/libc.so.6(+0x2a088) [0x7fad126ff088]
 6  /lib64/libc.so.6(__libc_start_main+0x8b) [0x7fad126ff14b]
 7  ./qsort() [0x401975]
=================================
[epyc002:1381570:0:1381570] Caught signal 11 (Segmentation fault: address not mapped to object at address 0x7f5019c00008)
==== backtrace (tid:1381570) ====
 0  /lib64/libucs.so.0(ucs_handle_error+0x2e4) [0x7f50503ef144]
 1  /lib64/libucs.so.0(+0x2880d) [0x7f50503f080d]
 2  /lib64/libucs.so.0(+0x289dd) [0x7f50503f09dd]
 3  /lib64/libc.so.6(__libc_free+0x25) [0x7f50536b24f5]
 4  ./qsort() [0x401719]
 5  /lib64/libc.so.6(+0x2a088) [0x7f5053634088]
 6  /lib64/libc.so.6(__libc_start_main+0x8b) [0x7f505363414b]
 7  ./qsort() [0x401975]
=================================
[epyc002:1381575:0:1381575] Caught signal 11 (Segmentation fault: address not mapped to object at address 0x7f9e7dc00008)
==== backtrace (tid:1381575) ====
 0  /lib64/libucs.so.0(ucs_handle_error+0x2e4) [0x7f9eb42c2144]
 1  /lib64/libucs.so.0(+0x2880d) [0x7f9eb42c380d]
 2  /lib64/libucs.so.0(+0x289dd) [0x7f9eb42c39dd]
 3  /lib64/libc.so.6(__libc_free+0x25) [0x7f9eb75744f5]
 4  ./qsort() [0x401719]
 5  /lib64/libc.so.6(+0x2a088) [0x7f9eb74f6088]
 6  /lib64/libc.so.6(__libc_start_main+0x8b) [0x7f9eb74f614b]
 7  ./qsort() [0x401975]
=================================
[epyc002:1381574:0:1381574] Caught signal 11 (Segmentation fault: address not mapped to object at address 0x7f2081c00008)
==== backtrace (tid:1381574) ====
 0  /lib64/libucs.so.0(ucs_handle_error+0x2e4) [0x7f20b651b144]
 1  /lib64/libucs.so.0(+0x2880d) [0x7f20b651c80d]
 2  /lib64/libucs.so.0(+0x289dd) [0x7f20b651c9dd]
 3  /lib64/libc.so.6(__libc_free+0x25) [0x7f20bd7ca4f5]
 4  ./qsort() [0x401719]
 5  /lib64/libc.so.6(+0x2a088) [0x7f20bd74c088]
 6  /lib64/libc.so.6(__libc_start_main+0x8b) [0x7f20bd74c14b]
 7  ./qsort() [0x401975]
=================================
[epyc002:1381572:0:1381572] Caught signal 11 (Segmentation fault: address not mapped to object at address 0x7f2e9ac00008)
==== backtrace (tid:1381572) ====
 0  /lib64/libucs.so.0(ucs_handle_error+0x2e4) [0x7f2f8e37b144]
 1  /lib64/libucs.so.0(+0x2880d) [0x7f2f8e37c80d]
 2  /lib64/libucs.so.0(+0x289dd) [0x7f2f8e37c9dd]
 3  /lib64/libc.so.6(__libc_free+0x25) [0x7f2f956404f5]
 4  ./qsort() [0x401719]
 5  /lib64/libc.so.6(+0x2a088) [0x7f2f955c2088]
 6  /lib64/libc.so.6(__libc_start_main+0x8b) [0x7f2f955c214b]
 7  ./qsort() [0x401975]
=================================
[epyc002:1381578:0:1381578] Caught signal 11 (Segmentation fault: address not mapped to object at address 0x7fb611c00008)
==== backtrace (tid:1381578) ====
 0  /lib64/libucs.so.0(ucs_handle_error+0x2e4) [0x7fb648409144]
 1  /lib64/libucs.so.0(+0x2880d) [0x7fb64840a80d]
 2  /lib64/libucs.so.0(+0x289dd) [0x7fb64840a9dd]
 3  /lib64/libc.so.6(__libc_free+0x25) [0x7fb64b6ff4f5]
 4  ./qsort() [0x401719]
 5  /lib64/libc.so.6(+0x2a088) [0x7fb64b681088]
 6  /lib64/libc.so.6(__libc_start_main+0x8b) [0x7fb64b68114b]
 7  ./qsort() [0x401975]
=================================
[epyc002:1381580:0:1381580] Caught signal 11 (Segmentation fault: address not mapped to object at address 0x7f210ac00008)
==== backtrace (tid:1381580) ====
 0  /lib64/libucs.so.0(ucs_handle_error+0x2e4) [0x7f2201209144]
 1  /lib64/libucs.so.0(+0x2880d) [0x7f220120a80d]
 2  /lib64/libucs.so.0(+0x289dd) [0x7f220120a9dd]
 3  /lib64/libc.so.6(__libc_free+0x25) [0x7f22044c84f5]
 4  ./qsort() [0x401719]
 5  /lib64/libc.so.6(+0x2a088) [0x7f220444a088]
 6  /lib64/libc.so.6(__libc_start_main+0x8b) [0x7f220444a14b]
 7  ./qsort() [0x401975]
=================================
[epyc002:1381580] *** Process received signal ***
[epyc002:1381580] Signal: Segmentation fault (11)
[epyc002:1381580] Signal code:  (-6)
[epyc002:1381580] Failing at address: 0x99cf38001514cc
[epyc002:1381579:0:1381579] Caught signal 11 (Segmentation fault: address not mapped to object at address 0x7fa013200008)
==== backtrace (tid:1381579) ====
 0  /lib64/libucs.so.0(ucs_handle_error+0x2e4) [0x7fa04c20a144]
 1  /lib64/libucs.so.0(+0x2880d) [0x7fa04c20b80d]
 2  /lib64/libucs.so.0(+0x289dd) [0x7fa04c20b9dd]
 3  /lib64/libc.so.6(__libc_free+0x25) [0x7fa04f0e24f5]
 4  ./qsort() [0x401719]
 5  /lib64/libc.so.6(+0x2a088) [0x7fa04f064088]
 6  /lib64/libc.so.6(__libc_start_main+0x8b) [0x7fa04f06414b]
 7  ./qsort() [0x401975]
=================================
[epyc002:1381577:0:1381577] Caught signal 11 (Segmentation fault: address not mapped to object at address 0x7f1c37000008)
==== backtrace (tid:1381577) ====
 0  /lib64/libucs.so.0(ucs_handle_error+0x2e4) [0x7f24546a3144]
 1  /lib64/libucs.so.0(+0x2880d) [0x7f24546a480d]
 2  /lib64/libucs.so.0(+0x289dd) [0x7f24546a49dd]
 3  /lib64/libc.so.6(__libc_free+0x25) [0x7f24579544f5]
 4  ./qsort() [0x401719]
 5  /lib64/libc.so.6(+0x2a088) [0x7f24578d6088]
 6  /lib64/libc.so.6(__libc_start_main+0x8b) [0x7f24578d614b]
 7  ./qsort() [0x401975]
=================================
[epyc002:1381583:0:1381583] Caught signal 11 (Segmentation fault: address not mapped to object at address 0x7f9ae5c00008)
==== backtrace (tid:1381583) ====
 0  /lib64/libucs.so.0(ucs_handle_error+0x2e4) [0x7f9b1c6ea144]
 1  /lib64/libucs.so.0(+0x2880d) [0x7f9b1c6eb80d]
 2  /lib64/libucs.so.0(+0x289dd) [0x7f9b1c6eb9dd]
 3  /lib64/libc.so.6(__libc_free+0x25) [0x7f9b1f9984f5]
 4  ./qsort() [0x401719]
 5  /lib64/libc.so.6(+0x2a088) [0x7f9b1f91a088]
 6  /lib64/libc.so.6(__libc_start_main+0x8b) [0x7f9b1f91a14b]
 7  ./qsort() [0x401975]
=================================
[epyc002:1381583] *** Process received signal ***
[epyc002:1381583] Signal: Segmentation fault (11)
[epyc002:1381583] Signal code:  (-6)
[epyc002:1381583] Failing at address: 0x99cf38001514cf
[epyc002:1381584:0:1381584] Caught signal 11 (Segmentation fault: address not mapped to object at address 0x7fbe8ec00008)
==== backtrace (tid:1381584) ====
 0  /lib64/libucs.so.0(ucs_handle_error+0x2e4) [0x7fbf82609144]
 1  /lib64/libucs.so.0(+0x2880d) [0x7fbf8260a80d]
 2  /lib64/libucs.so.0(+0x289dd) [0x7fbf8260a9dd]
 3  /lib64/libc.so.6(__libc_free+0x25) [0x7fbf898f34f5]
 4  ./qsort() [0x401719]
 5  /lib64/libc.so.6(+0x2a088) [0x7fbf89875088]
 6  /lib64/libc.so.6(__libc_start_main+0x8b) [0x7fbf8987514b]
 7  ./qsort() [0x401975]
=================================
[epyc002:1381582:0:1381582] Caught signal 11 (Segmentation fault: address not mapped to object at address 0x7f3bb3200008)
==== backtrace (tid:1381582) ====
 0  /lib64/libucs.so.0(ucs_handle_error+0x2e4) [0x7f3bec031144]
 1  /lib64/libucs.so.0(+0x2880d) [0x7f3bec03280d]
 2  /lib64/libucs.so.0(+0x289dd) [0x7f3bec0329dd]
 3  /lib64/libc.so.6(__libc_free+0x25) [0x7f3bee6304f5]
 4  ./qsort() [0x401719]
 5  /lib64/libc.so.6(+0x2a088) [0x7f3bee5b2088]
 6  /lib64/libc.so.6(__libc_start_main+0x8b) [0x7f3bee5b214b]
 7  ./qsort() [0x401975]
=================================
[epyc002:1381543] [ 0] /lib64/libc.so.6(+0x40d00)[0x7ff8f8084d00]
[epyc002:1381543] [ 1] [epyc002:1381551:0:1381551] Caught signal 11 (Segmentation fault: address not mapped to object at address 0x7faedec00008)
==== backtrace (tid:1381552) ====
 0  /lib64/libucs.so.0(ucs_handle_error+0x2e4) [0x7fdde467e144]
 1  /lib64/libucs.so.0(+0x2880d) [0x7fdde467f80d]
 2  /lib64/libucs.so.0(+0x289dd) [0x7fdde467f9dd]
 3  /lib64/libc.so.6(__libc_free+0x25) [0x7fdde792d4f5]
 4  ./qsort() [0x401719]
 5  /lib64/libc.so.6(+0x2a088) [0x7fdde78af088]
 6  /lib64/libc.so.6(__libc_start_main+0x8b) [0x7fdde78af14b]
 7  ./qsort() [0x401975]
=================================
[epyc002:1381552] *** Process received signal ***
[epyc002:1381546] *** Process received signal ***
[epyc002:1381546] Signal: Segmentation fault (11)
[epyc002:1381546] Signal code:  (-6)
[epyc002:1381546] Failing at address: 0x99cf38001514aa
==== backtrace (tid:1381545) ====
 0  /lib64/libucs.so.0(ucs_handle_error+0x2e4) [0x7fe5207b8144]
 1  /lib64/libucs.so.0(+0x2880d) [0x7fe5207b980d]
 2  /lib64/libucs.so.0(+0x289dd) [0x7fe5207b99dd]
 3  /lib64/libc.so.6(__libc_free+0x25) [0x7fe523a7c4f5]
 4  ./qsort() [0x401719]
 5  /lib64/libc.so.6(+0x2a088) [0x7fe5239fe088]
 6  /lib64/libc.so.6(__libc_start_main+0x8b) [0x7fe5239fe14b]
 7  ./qsort() [0x401975]
=================================
==== backtrace (tid:1381556) ====
 0  /lib64/libucs.so.0(ucs_handle_error+0x2e4) [0x7f9acecb9144]
 1  /lib64/libucs.so.0(+0x2880d) [0x7f9acecba80d]
 2  /lib64/libucs.so.0(+0x289dd) [0x7f9acecba9dd]
 3  /lib64/libc.so.6(__libc_free+0x25) [0x7f9ad5f674f5]
 4  ./qsort() [0x401719]
 5  /lib64/libc.so.6(+0x2a088) [0x7f9ad5ee9088]
 6  /lib64/libc.so.6(__libc_start_main+0x8b) [0x7f9ad5ee914b]
 7  ./qsort() [0x401975]
=================================
[epyc002:1381553:0:1381553] Caught signal 11 (Segmentation fault: address not mapped to object at address 0x7fccf1c00008)
==== backtrace (tid:1381553) ====
 0  /lib64/libucs.so.0(ucs_handle_error+0x2e4) [0x7fcd2690a144]
 1  /lib64/libucs.so.0(+0x2880d) [0x7fcd2690b80d]
 2  /lib64/libucs.so.0(+0x289dd) [0x7fcd2690b9dd]
 3  /lib64/libc.so.6(__libc_free+0x25) [0x7fcd2dbbf4f5]
 4  ./qsort() [0x401719]
 5  /lib64/libc.so.6(+0x2a088) [0x7fcd2db41088]
 6  /lib64/libc.so.6(__libc_start_main+0x8b) [0x7fcd2db4114b]
 7  ./qsort() [0x401975]
=================================
[epyc002:1381554] [ 0] /lib64/libc.so.6(+0x40d00)[0x7f9a4e697d00]
[epyc002:1381554] [ 1] /lib64/libc.so.6(__libc_free+0x25)[0x7f9a4e6ff4f5]
[epyc002:1381554] [ 2] ./qsort[0x401719]
[epyc002:1381554] [ 3] /lib64/libc.so.6(+0x2a088)[0x7f9a4e681088]
[epyc002:1381554] [ 4] /lib64/libc.so.6(__libc_start_main+0x8b)[0x7f9a4e68114b]
[epyc002:1381554] [ 5] ./qsort[0x401975]
[epyc002:1381554] *** End of error message ***
[epyc002:1381559:0:1381559] Caught signal 11 (Segmentation fault: address not mapped to object at address 0x7ff492c00008)
==== backtrace (tid:1381559) ====
 0  /lib64/libucs.so.0(ucs_handle_error+0x2e4) [0x7ff587ed4144]
 1  /lib64/libucs.so.0(+0x2880d) [0x7ff587ed580d]
 2  /lib64/libucs.so.0(+0x289dd) [0x7ff587ed59dd]
 3  /lib64/libc.so.6(__libc_free+0x25) [0x7ff58dd884f5]
 4  ./qsort() [0x401719]
 5  /lib64/libc.so.6(+0x2a088) [0x7ff58dd0a088]
 6  /lib64/libc.so.6(__libc_start_main+0x8b) [0x7ff58dd0a14b]
 7  ./qsort() [0x401975]
=================================
[epyc002:1381557:0:1381557] Caught signal 11 (Segmentation fault: address not mapped to object at address 0x7f3455c00008)
==== backtrace (tid:1381557) ====
 0  /lib64/libucs.so.0(ucs_handle_error+0x2e4) [0x7f348beba144]
 1  /lib64/libucs.so.0(+0x2880d) [0x7f348bebb80d]
 2  /lib64/libucs.so.0(+0x289dd) [0x7f348bebb9dd]
 3  /lib64/libc.so.6(__libc_free+0x25) [0x7f3491d804f5]
 4  ./qsort() [0x401719]
 5  /lib64/libc.so.6(+0x2a088) [0x7f3491d02088]
 6  /lib64/libc.so.6(__libc_start_main+0x8b) [0x7f3491d0214b]
 7  ./qsort() [0x401975]
=================================
==== backtrace (tid:1381560) ====
 0  /lib64/libucs.so.0(ucs_handle_error+0x2e4) [0x7f27d37cc144]
 1  /lib64/libucs.so.0(+0x2880d) [0x7f27d37cd80d]
 2  /lib64/libucs.so.0(+0x289dd) [0x7f27d37cd9dd]
 3  /lib64/libc.so.6(__libc_free+0x25) [0x7f27daacf4f5]
 4  ./qsort() [0x401719]
 5  /lib64/libc.so.6(+0x2a088) [0x7f27daa51088]
 6  /lib64/libc.so.6(__libc_start_main+0x8b) [0x7f27daa5114b]
 7  ./qsort() [0x401975]
=================================
[epyc002:1381560] *** Process received signal ***
[epyc002:1381560] Signal: Segmentation fault (11)
[epyc002:1381560] Signal code:  (-6)
[epyc002:1381560] Failing at address: 0x99cf38001514b8
==== backtrace (tid:1381564) ====
 0  /lib64/libucs.so.0(ucs_handle_error+0x2e4) [0x7f4d0dfb8144]
 1  /lib64/libucs.so.0(+0x2880d) [0x7f4d0dfb980d]
 2  /lib64/libucs.so.0(+0x289dd) [0x7f4d0dfb99dd]
 3  /lib64/libc.so.6(__libc_free+0x25) [0x7f4d1527d4f5]
 4  ./qsort() [0x401719]
 5  /lib64/libc.so.6(+0x2a088) [0x7f4d151ff088]
 6  /lib64/libc.so.6(__libc_start_main+0x8b) [0x7f4d151ff14b]
 7  ./qsort() [0x401975]
=================================
==== backtrace (tid:1381563) ====
 0  /lib64/libucs.so.0(ucs_handle_error+0x2e4) [0x7f2bececd144]
 1  /lib64/libucs.so.0(+0x2880d) [0x7f2becece80d]
 2  /lib64/libucs.so.0(+0x289dd) [0x7f2becece9dd]
 3  /lib64/libc.so.6(__libc_free+0x25) [0x7f2bf017f4f5]
 4  ./qsort() [0x401719]
 5  /lib64/libc.so.6(+0x2a088) [0x7f2bf0101088]
 6  /lib64/libc.so.6(__libc_start_main+0x8b) [0x7f2bf010114b]
 7  ./qsort() [0x401975]
=================================
[epyc002:1381562] [ 0] /lib64/libc.so.6(+0x40d00)[0x7f2bffad2d00]
[epyc002:1381562] [ 1] /lib64/libc.so.6(__libc_free+0x25)[0x7f2bffb3a4f5]
[epyc002:1381562] [ 2] ./qsort[0x401719]
[epyc002:1381562] [ 3] /lib64/libc.so.6(+0x2a088)[0x7f2bffabc088]
[epyc002:1381562] [ 4] /lib64/libc.so.6(__libc_start_main+0x8b)[0x7f2bffabc14b]
[epyc002:1381562] [ 5] ./qsort[0x401975]
[epyc002:1381562] *** End of error message ***
[epyc002:1381567:0:1381567] Caught signal 11 (Segmentation fault: address not mapped to object at address 0x7fe0bc200008)
==== backtrace (tid:1381567) ====
 0  /lib64/libucs.so.0(ucs_handle_error+0x2e4) [0x7fe1afbcc144]
 1  /lib64/libucs.so.0(+0x2880d) [0x7fe1afbcd80d]
 2  /lib64/libucs.so.0(+0x289dd) [0x7fe1afbcd9dd]
 3  /lib64/libc.so.6(__libc_free+0x25) [0x7fe1b6f084f5]
 4  ./qsort() [0x401719]
 5  /lib64/libc.so.6(+0x2a088) [0x7fe1b6e8a088]
 6  /lib64/libc.so.6(__libc_start_main+0x8b) [0x7fe1b6e8a14b]
 7  ./qsort() [0x401975]
=================================
/lib64/libc.so.6(+0x2a088)[0x7f4370871088]
[epyc002:1381568] [ 4] /lib64/libc.so.6(__libc_start_main+0x8b)[0x7f437087114b]
[epyc002:1381568] [ 5] ./qsort[0x401975]
[epyc002:1381568] *** End of error message ***
[epyc002:1381569:0:1381569] Caught signal 11 (Segmentation fault: address not mapped to object at address 0x7fa71d000008)
==== backtrace (tid:1381569) ====
 0  /lib64/libucs.so.0(ucs_handle_error+0x2e4) [0x7fab0bbb2144]
 1  /lib64/libucs.so.0(+0x2880d) [0x7fab0bbb380d]
 2  /lib64/libucs.so.0(+0x289dd) [0x7fab0bbb39dd]
 3  /lib64/libc.so.6(__libc_free+0x25) [0x7fab12e724f5]
 4  ./qsort() [0x401719]
 5  /lib64/libc.so.6(+0x2a088) [0x7fab12df4088]
 6  /lib64/libc.so.6(__libc_start_main+0x8b) [0x7fab12df414b]
 7  ./qsort() [0x401975]
=================================
[epyc002:1381576:0:1381576] Caught signal 11 (Segmentation fault: address not mapped to object at address 0x7ff34ac00008)
==== backtrace (tid:1381576) ====
 0  /lib64/libucs.so.0(ucs_handle_error+0x2e4) [0x7ff440c09144]
 1  /lib64/libucs.so.0(+0x2880d) [0x7ff440c0a80d]
 2  /lib64/libucs.so.0(+0x289dd) [0x7ff440c0a9dd]
 3  /lib64/libc.so.6(__libc_free+0x25) [0x7ff443f064f5]
 4  ./qsort() [0x401719]
 5  /lib64/libc.so.6(+0x2a088) [0x7ff443e88088]
 6  /lib64/libc.so.6(__libc_start_main+0x8b) [0x7ff443e8814b]
 7  ./qsort() [0x401975]
=================================
==== backtrace (tid:1381581) ====
 0  /lib64/libucs.so.0(ucs_handle_error+0x2e4) [0x7fded60b9144]
 1  /lib64/libucs.so.0(+0x2880d) [0x7fded60ba80d]
 2  /lib64/libucs.so.0(+0x289dd) [0x7fded60ba9dd]
 3  /lib64/libc.so.6(__libc_free+0x25) [0x7fdedd3704f5]
 4  ./qsort() [0x401719]
 5  /lib64/libc.so.6(+0x2a088) [0x7fdedd2f2088]
 6  /lib64/libc.so.6(__libc_start_main+0x8b) [0x7fdedd2f214b]
 7  ./qsort() [0x401975]
=================================
==== backtrace (tid:1381590) ====
 0  /lib64/libucs.so.0(ucs_handle_error+0x2e4) [0x7f9b51a09144]
 1  /lib64/libucs.so.0(+0x2880d) [0x7f9b51a0a80d]
 2  /lib64/libucs.so.0(+0x289dd) [0x7f9b51a0a9dd]
 3  /lib64/libc.so.6(__libc_free+0x25) [0x7f9b54d104f5]
 4  ./qsort() [0x401719]
 5  /lib64/libc.so.6(+0x2a088) [0x7f9b54c92088]
 6  /lib64/libc.so.6(__libc_start_main+0x8b) [0x7f9b54c9214b]
 7  ./qsort() [0x401975]
=================================
==== backtrace (tid:1381588) ====
 0  /lib64/libucs.so.0(ucs_handle_error+0x2e4) [0x7ff900cf6144]
 1  /lib64/libucs.so.0(+0x2880d) [0x7ff900cf780d]
 2  /lib64/libucs.so.0(+0x289dd) [0x7ff900cf79dd]
 3  /lib64/libc.so.6(__libc_free+0x25) [0x7ff903fa74f5]
 4  ./qsort() [0x401719]
 5  /lib64/libc.so.6(+0x2a088) [0x7ff903f29088]
 6  /lib64/libc.so.6(__libc_start_main+0x8b) [0x7ff903f2914b]
 7  ./qsort() [0x401975]
=================================
==== backtrace (tid:1381585) ====
 0  /lib64/libucs.so.0(ucs_handle_error+0x2e4) [0x7ff957eba144]
 1  /lib64/libucs.so.0(+0x2880d) [0x7ff957ebb80d]
 2  /lib64/libucs.so.0(+0x289dd) [0x7ff957ebb9dd]
 3  /lib64/libc.so.6(__libc_free+0x25) [0x7ff95f17a4f5]
 4  ./qsort() [0x401719]
 5  /lib64/libc.so.6(+0x2a088) [0x7ff95f0fc088]
 6  /lib64/libc.so.6(__libc_start_main+0x8b) [0x7ff95f0fc14b]
 7  ./qsort() [0x401975]
=================================
[epyc002:1381586] *** Process received signal ***
[epyc002:1381586] Signal: Segmentation fault (11)
[epyc002:1381586] Signal code:  (-6)
[epyc002:1381586] Failing at address: 0x99cf38001514d2
[epyc002:1381586] [ 0] /lib64/libc.so.6(+0x40d00)[0x7f955bea0d00]
[epyc002:1381586] [ 1] /lib64/libc.so.6(__libc_free+0x25)[0x7f955bf084f5]
[epyc002:1381586] [ 2] ./qsort[0x401719]
[epyc002:1381586] [ 3] /lib64/libc.so.6(+0x2a088)[0x7f955be8a088]
[epyc002:1381586] [ 4] /lib64/libc.so.6(__libc_start_main+0x8b)[0x7f955be8a14b]
[epyc002:1381586] [ 5] ./qsort[0x401975]
[epyc002:1381586] *** End of error message ***
==== backtrace (tid:1381593) ====
 0  /lib64/libucs.so.0(ucs_handle_error+0x2e4) [0x7f3becd95144]
 1  /lib64/libucs.so.0(+0x2880d) [0x7f3becd9680d]
 2  /lib64/libucs.so.0(+0x289dd) [0x7f3becd969dd]
 3  /lib64/libc.so.6(__libc_free+0x25) [0x7f3bf004b4f5]
 4  ./qsort() [0x401719]
 5  /lib64/libc.so.6(+0x2a088) [0x7f3beffcd088]
 6  /lib64/libc.so.6(__libc_start_main+0x8b) [0x7f3beffcd14b]
 7  ./qsort() [0x401975]
=================================
==== backtrace (tid:1381587) ====
 0  /lib64/libucs.so.0(ucs_handle_error+0x2e4) [0x7f4470fa2144]
 1  /lib64/libucs.so.0(+0x2880d) [0x7f4470fa380d]
 2  /lib64/libucs.so.0(+0x289dd) [0x7f4470fa39dd]
 3  /lib64/libc.so.6(__libc_free+0x25) [0x7f44742524f5]
 4  ./qsort() [0x401719]
 5  /lib64/libc.so.6(+0x2a088) [0x7f44741d4088]
 6  /lib64/libc.so.6(__libc_start_main+0x8b) [0x7f44741d414b]
 7  ./qsort() [0x401975]
=================================
[epyc002:1381587] *** Process received signal ***
[epyc002:1381587] Signal: Segmentation fault (11)
[epyc002:1381587] Signal code:  (-6)
[epyc002:1381587] Failing at address: 0x99cf38001514d3
[epyc002:1381587] [ 0] /lib64/libc.so.6(+0x40d00)[0x7f44741ead00]
==== backtrace (tid:1381589) ====
 0  /lib64/libucs.so.0(ucs_handle_error+0x2e4) [0x7f31534a3144]
 1  /lib64/libucs.so.0(+0x2880d) [0x7f31534a480d]
 2  /lib64/libucs.so.0(+0x289dd) [0x7f31534a49dd]
 3  /lib64/libc.so.6(__libc_free+0x25) [0x7f315a7564f5]
 4  ./qsort() [0x401719]
 5  /lib64/libc.so.6(+0x2a088) [0x7f315a6d8088]
 6  /lib64/libc.so.6(__libc_start_main+0x8b) [0x7f315a6d814b]
 7  ./qsort() [0x401975]
=================================
==== backtrace (tid:1381595) ====
 0  /lib64/libucs.so.0(ucs_handle_error+0x2e4) [0x7f69d4351144]
 1  /lib64/libucs.so.0(+0x2880d) [0x7f69d435280d]
 2  /lib64/libucs.so.0(+0x289dd) [0x7f69d43529dd]
 3  /lib64/libc.so.6(__libc_free+0x25) [0x7f69d76054f5]
 4  ./qsort() [0x401719]
 5  /lib64/libc.so.6(+0x2a088) [0x7f69d7587088]
 6  /lib64/libc.so.6(__libc_start_main+0x8b) [0x7f69d758714b]
 7  ./qsort() [0x401975]
=================================
[epyc002:1381591:0:1381591] Caught signal 11 (Segmentation fault: address not mapped to object at address 0x7fddf9c00008)
==== backtrace (tid:1381591) ====
 0  /lib64/libucs.so.0(ucs_handle_error+0x2e4) [0x7fde30591144]
 1  /lib64/libucs.so.0(+0x2880d) [0x7fde3059280d]
 2  /lib64/libucs.so.0(+0x289dd) [0x7fde305929dd]
 3  /lib64/libc.so.6(__libc_free+0x25) [0x7fde3383f4f5]
 4  ./qsort() [0x401719]
 5  /lib64/libc.so.6(+0x2a088) [0x7fde337c1088]
 6  /lib64/libc.so.6(__libc_start_main+0x8b) [0x7fde337c114b]
 7  ./qsort() [0x401975]
=================================
==== backtrace (tid:1381594) ====
 0  /lib64/libucs.so.0(ucs_handle_error+0x2e4) [0x7faf9629d144]
 1  /lib64/libucs.so.0(+0x2880d) [0x7faf9629e80d]
 2  /lib64/libucs.so.0(+0x289dd) [0x7faf9629e9dd]
 3  /lib64/libc.so.6(__libc_free+0x25) [0x7faf9d54e4f5]
 4  ./qsort() [0x401719]
 5  /lib64/libc.so.6(+0x2a088) [0x7faf9d4d0088]
 6  /lib64/libc.so.6(__libc_start_main+0x8b) [0x7faf9d4d014b]
 7  ./qsort() [0x401975]
=================================
[epyc002:1381594] *** Process received signal ***
[epyc002:1381594] Signal: Segmentation fault (11)
[epyc002:1381594] Signal code:  (-6)
[epyc002:1381594] Failing at address: 0x99cf38001514da
[epyc002:1381507:0:1381507] Caught signal 11 (Segmentation fault: address not mapped to object at address 0x7fd2dac00008)
==== backtrace (tid:1381507) ====
 0  /lib64/libucs.so.0(ucs_handle_error+0x2e4) [0x7fd3d1acd144]
 1  /lib64/libucs.so.0(+0x2880d) [0x7fd3d1ace80d]
 2  /lib64/libucs.so.0(+0x289dd) [0x7fd3d1ace9dd]
 3  /lib64/libc.so.6(__libc_free+0x25) [0x7fd3d4d7e4f5]
 4  ./qsort() [0x401719]
 5  /lib64/libc.so.6(+0x2a088) [0x7fd3d4d00088]
 6  /lib64/libc.so.6(__libc_start_main+0x8b) [0x7fd3d4d0014b]
 7  ./qsort() [0x401975]
=================================
[epyc002:1381509:0:1381509] Caught signal 11 (Segmentation fault: address not mapped to object at address 0x7fb599c00008)
==== backtrace (tid:1381509) ====
 0  /lib64/libucs.so.0(ucs_handle_error+0x2e4) [0x7fb5ce7ef144]
 1  /lib64/libucs.so.0(+0x2880d) [0x7fb5ce7f080d]
 2  /lib64/libucs.so.0(+0x289dd) [0x7fb5ce7f09dd]
 3  /lib64/libc.so.6(__libc_free+0x25) [0x7fb5d5aac4f5]
 4  ./qsort() [0x401719]
 5  /lib64/libc.so.6(+0x2a088) [0x7fb5d5a2e088]
 6  /lib64/libc.so.6(__libc_start_main+0x8b) [0x7fb5d5a2e14b]
 7  ./qsort() [0x401975]
=================================
[epyc002:1381508] *** Process received signal ***
[epyc002:1381508] Signal: Segmentation fault (11)
[epyc002:1381508] Signal code:  (-6)
[epyc002:1381508] Failing at address: 0x99cf3800151484
==== backtrace (tid:1381511) ====
 0  /lib64/libucs.so.0(ucs_handle_error+0x2e4) [0x7f97e5e09144]
 1  /lib64/libucs.so.0(+0x2880d) [0x7f97e5e0a80d]
 2  /lib64/libucs.so.0(+0x289dd) [0x7f97e5e0a9dd]
 3  /lib64/libc.so.6(__libc_free+0x25) [0x7f97ed0ca4f5]
 4  ./qsort() [0x401719]
 5  /lib64/libc.so.6(+0x2a088) [0x7f97ed04c088]
 6  /lib64/libc.so.6(__libc_start_main+0x8b) [0x7f97ed04c14b]
 7  ./qsort() [0x401975]
=================================
[epyc002:1381511] *** Process received signal ***
[epyc002:1381511] Signal: Segmentation fault (11)
[epyc002:1381511] Signal code:  (-6)
[epyc002:1381511] Failing at address: 0x99cf3800151487
=================================
[epyc002:1381513] *** Process received signal ***
[epyc002:1381513] Signal: Segmentation fault (11)
[epyc002:1381513] Signal code:  (-6)
[epyc002:1381513] Failing at address: 0x99cf3800151489
[epyc002:1381513] [ 0] /lib64/libc.so.6(+0x40d00)[0x7fb29d093d00]
[epyc002:1381513] [ 1] /lib64/libc.so.6(__libc_free+0x25)[0x7fb29d0fb4f5]
[epyc002:1381513] [ 2] ./qsort[0x401719]
[epyc002:1381513] [ 3] /lib64/libc.so.6(+0x2a088)[0x7fb29d07d088]
[epyc002:1381513] [ 4] /lib64/libc.so.6(__libc_start_main+0x8b)[0x7fb29d07d14b]
[epyc002:1381513] [ 5] ./qsort[0x401975]
[epyc002:1381513] *** End of error message ***
[epyc002:1381510] [ 0] /lib64/libc.so.6(+0x40d00)[0x7f4f00ca9d00]
[epyc002:1381510] [ 1] /lib64/libc.so.6(__libc_free+0x25)[0x7f4f00d114f5]
[epyc002:1381510] [ 2] ./qsort[0x401719]
[epyc002:1381510] [ 3] /lib64/libc.so.6(+0x2a088)[0x7f4f00c93088]
[epyc002:1381510] [ 4] /lib64/libc.so.6(__libc_start_main+0x8b)[0x7f4f00c9314b]
[epyc002:1381510] [ 5] ./qsort[0x401975]
[epyc002:1381510] *** End of error message ***
[epyc002:1381514:0:1381514] Caught signal 11 (Segmentation fault: address not mapped to object at address 0x7eff21000008)
==== backtrace (tid:1381514) ====
 0  /lib64/libucs.so.0(ucs_handle_error+0x2e4) [0x7f030f2f0144]
 1  /lib64/libucs.so.0(+0x2880d) [0x7f030f2f180d]
 2  /lib64/libucs.so.0(+0x289dd) [0x7f030f2f19dd]
 3  /lib64/libc.so.6(__libc_free+0x25) [0x7f031659f4f5]
 4  ./qsort() [0x401719]
 5  /lib64/libc.so.6(+0x2a088) [0x7f0316521088]
 6  /lib64/libc.so.6(__libc_start_main+0x8b) [0x7f031652114b]
 7  ./qsort() [0x401975]
=================================
[epyc002:1381514] *** Process received signal ***
[epyc002:1381514] Signal: Segmentation fault (11)
[epyc002:1381514] Signal code:  (-6)
[epyc002:1381514] Failing at address: 0x99cf380015148a
[epyc002:1381514] [ 0] /lib64/libc.so.6(+0x40d00)[0x7f0316537d00]
[epyc002:1381514] [ 1] /lib64/libc.so.6(__libc_free+0x25)[0x7f031659f4f5]
[epyc002:1381514] [ 2] ./qsort[0x401719]
[epyc002:1381514] [ 3] /lib64/libc.so.6(+0x2a088)[0x7f0316521088]
[epyc002:1381514] [ 4] /lib64/libc.so.6(__libc_start_main+0x8b)[0x7f031652114b]
[epyc002:1381514] [ 5] ./qsort[0x401975]
[epyc002:1381514] *** End of error message ***
[epyc002:1381515:0:1381515] Caught signal 11 (Segmentation fault: address not mapped to object at address 0x7f5dc2000008)
==== backtrace (tid:1381515) ====
 0  /lib64/libucs.so.0(ucs_handle_error+0x2e4) [0x7f5eb3fcd144]
 1  /lib64/libucs.so.0(+0x2880d) [0x7f5eb3fce80d]
 2  /lib64/libucs.so.0(+0x289dd) [0x7f5eb3fce9dd]
 3  /lib64/libc.so.6(__libc_free+0x25) [0x7f5ebb2e04f5]
 4  ./qsort() [0x401719]
 5  /lib64/libc.so.6(+0x2a088) [0x7f5ebb262088]
 6  /lib64/libc.so.6(__libc_start_main+0x8b) [0x7f5ebb26214b]
 7  ./qsort() [0x401975]
=================================
[epyc002:1381517:0:1381517] Caught signal 11 (Segmentation fault: address not mapped to object at address 0x7fea85c00008)
==== backtrace (tid:1381517) ====
 0  /lib64/libucs.so.0(ucs_handle_error+0x2e4) [0x7feabc409144]
 1  /lib64/libucs.so.0(+0x2880d) [0x7feabc40a80d]
 2  /lib64/libucs.so.0(+0x289dd) [0x7feabc40a9dd]
 3  /lib64/libc.so.6(__libc_free+0x25) [0x7feabf6be4f5]
 4  ./qsort() [0x401719]
 5  /lib64/libc.so.6(+0x2a088) [0x7feabf640088]
 6  /lib64/libc.so.6(__libc_start_main+0x8b) [0x7feabf64014b]
 7  ./qsort() [0x401975]
=================================
[epyc002:1381517] *** Process received signal ***
[epyc002:1381517] Signal: Segmentation fault (11)
[epyc002:1381517] Signal code:  (-6)
[epyc002:1381517] Failing at address: 0x99cf380015148d
==== backtrace (tid:1381516) ====
 0  /lib64/libucs.so.0(ucs_handle_error+0x2e4) [0x7f905a42a144]
 1  /lib64/libucs.so.0(+0x2880d) [0x7f905a42b80d]
 2  /lib64/libucs.so.0(+0x289dd) [0x7f905a42b9dd]
 3  /lib64/libc.so.6(__libc_free+0x25) [0x7f905c1124f5]
 4  ./qsort() [0x401719]
 5  /lib64/libc.so.6(+0x2a088) [0x7f905c094088]
 6  /lib64/libc.so.6(__libc_start_main+0x8b) [0x7f905c09414b]
 7  ./qsort() [0x401975]
=================================
[epyc002:1381516] *** Process received signal ***
[epyc002:1381516] Signal: Segmentation fault (11)
[epyc002:1381516] Signal code:  (-6)
[epyc002:1381516] Failing at address: 0x99cf380015148c
[epyc002:1381516] [ 0] /lib64/libc.so.6(+0x40d00)[0x7f905c0aad00]
[epyc002:1381516] [ 1] /lib64/libc.so.6(__libc_free+0x25)[0x7f905c1124f5]
[epyc002:1381516] [ 2] ./qsort[0x401719]
[epyc002:1381516] [ 3] /lib64/libc.so.6(+0x2a088)[0x7f905c094088]
[epyc002:1381516] [ 4] /lib64/libc.so.6(__libc_start_main+0x8b)[0x7f905c09414b]
[epyc002:1381516] [ 5] ./qsort[0x401975]
[epyc002:1381516] *** End of error message ***
==== backtrace (tid:1381518) ====
 0  /lib64/libucs.so.0(ucs_handle_error+0x2e4) [0x7f63017a9144]
 1  /lib64/libucs.so.0(+0x2880d) [0x7f63017aa80d]
 2  /lib64/libucs.so.0(+0x289dd) [0x7f63017aa9dd]
 3  /lib64/libc.so.6(__libc_free+0x25) [0x7f6304a5a4f5]
 4  ./qsort() [0x401719]
 5  /lib64/libc.so.6(+0x2a088) [0x7f63049dc088]
 6  /lib64/libc.so.6(__libc_start_main+0x8b) [0x7f63049dc14b]
 7  ./qsort() [0x401975]
=================================
==== backtrace (tid:1381541) ====
 0  /lib64/libucs.so.0(ucs_handle_error+0x2e4) [0x7f76adcfb144]
 1  /lib64/libucs.so.0(+0x2880d) [0x7f76adcfc80d]
 2  /lib64/libucs.so.0(+0x289dd) [0x7f76adcfc9dd]
 3  /lib64/libc.so.6(__libc_free+0x25) [0x7f76b4fa84f5]
 4  ./qsort() [0x401719]
 5  /lib64/libc.so.6(+0x2a088) [0x7f76b4f2a088]
 6  /lib64/libc.so.6(__libc_start_main+0x8b) [0x7f76b4f2a14b]
 7  ./qsort() [0x401975]
=================================
[epyc002:1381541] *** Process received signal ***
[epyc002:1381541] Signal: Segmentation fault (11)
[epyc002:1381541] Signal code:  (-6)
[epyc002:1381541] Failing at address: 0x99cf38001514a5
[epyc002:1381541] [ 0] /lib64/libc.so.6(+0x40d00)[0x7f76b4f40d00]
[epyc002:1381541] [ 1] [epyc002:1381538:0:1381538] Caught signal 11 (Segmentation fault: address not mapped to object at address 0x7ffaddc00008)
==== backtrace (tid:1381538) ====
 0  /lib64/libucs.so.0(ucs_handle_error+0x2e4) [0x7ffb13e31144]
 1  /lib64/libucs.so.0(+0x2880d) [0x7ffb13e3280d]
 2  /lib64/libucs.so.0(+0x289dd) [0x7ffb13e329dd]
 3  /lib64/libc.so.6(__libc_free+0x25) [0x7ffb1a0294f5]
 4  ./qsort() [0x401719]
 5  /lib64/libc.so.6(+0x2a088) [0x7ffb19fab088]
 6  /lib64/libc.so.6(__libc_start_main+0x8b) [0x7ffb19fab14b]
 7  ./qsort() [0x401975]
=================================
[epyc002:1381538] *** Process received signal ***
[epyc002:1381538] Signal: Segmentation fault (11)
[epyc002:1381538] Signal code:  (-6)
[epyc002:1381538] Failing at address: 0x99cf38001514a2
[epyc002:1381537:0:1381537] Caught signal 11 (Segmentation fault: address not mapped to object at address 0x7ff14ba00008)
==== backtrace (tid:1381537) ====
 0  /lib64/libucs.so.0(ucs_handle_error+0x2e4) [0x7ff53a2f0144]
 1  /lib64/libucs.so.0(+0x2880d) [0x7ff53a2f180d]
 2  /lib64/libucs.so.0(+0x289dd) [0x7ff53a2f19dd]
 3  /lib64/libc.so.6(__libc_free+0x25) [0x7ff5415ab4f5]
 4  ./qsort() [0x401719]
 5  /lib64/libc.so.6(+0x2a088) [0x7ff54152d088]
 6  /lib64/libc.so.6(__libc_start_main+0x8b) [0x7ff54152d14b]
 7  ./qsort() [0x401975]
=================================
[epyc002:1381537] *** Process received signal ***
[epyc002:1381537] Signal: Segmentation fault (11)
[epyc002:1381537] Signal code:  (-6)
[epyc002:1381537] Failing at address: 0x99cf38001514a1
[epyc002:1381537] [ 0] /lib64/libc.so.6(+0x40d00)[0x7ff541543d00]
[epyc002:1381537] [ 1] /lib64/libc.so.6(__libc_free+0x25)[0x7ff5415ab4f5]
[epyc002:1381537] [ 2] ./qsort[0x401719]
[epyc002:1381537] [ 3] /lib64/libc.so.6(+0x2a088)[0x7ff54152d088]
[epyc002:1381537] [ 4] /lib64/libc.so.6(__libc_start_main+0x8b)[0x7ff54152d14b]
[epyc002:1381537] [ 5] ./qsort[0x401975]
[epyc002:1381537] *** End of error message ***
/lib64/libc.so.6(__libc_free+0x25)[0x7ff8f80ec4f5]
[epyc002:1381543] [ 2] ./qsort[0x401719]
[epyc002:1381543] [ 3] /lib64/libc.so.6(+0x2a088)[0x7ff8f806e088]
[epyc002:1381543] [ 4] /lib64/libc.so.6(__libc_start_main+0x8b)[0x7ff8f806e14b]
[epyc002:1381543] [ 5] ./qsort[0x401975]
[epyc002:1381543] *** End of error message ***
==== backtrace (tid:1381551) ====
 0  /lib64/libucs.so.0(ucs_handle_error+0x2e4) [0x7fafd5609144]
 1  /lib64/libucs.so.0(+0x2880d) [0x7fafd560a80d]
 2  /lib64/libucs.so.0(+0x289dd) [0x7fafd560a9dd]
 3  /lib64/libc.so.6(__libc_free+0x25) [0x7fafd89084f5]
 4  ./qsort() [0x401719]
 5  /lib64/libc.so.6(+0x2a088) [0x7fafd888a088]
 6  /lib64/libc.so.6(__libc_start_main+0x8b) [0x7fafd888a14b]
 7  ./qsort() [0x401975]
=================================
[epyc002:1381551] *** Process received signal ***
[epyc002:1381551] Signal: Segmentation fault (11)
[epyc002:1381551] Signal code:  (-6)
[epyc002:1381551] Failing at address: 0x99cf38001514af
[epyc002:1381551] [ 0] /lib64/libc.so.6(+0x40d00)[0x7fafd88a0d00]
[epyc002:1381551] [ 1] /lib64/libc.so.6(__libc_free+0x25)[0x7fafd89084f5]
[epyc002:1381551] [ 2] ./qsort[0x401719]
[epyc002:1381551] [ 3] /lib64/libc.so.6(+0x2a088)[0x7fafd888a088]
[epyc002:1381551] [ 4] /lib64/libc.so.6(__libc_start_main+0x8b)[0x7fafd888a14b]
[epyc002:1381551] [ 5] ./qsort[0x401975]
[epyc002:1381551] *** End of error message ***
[epyc002:1381552] Signal: Segmentation fault (11)
[epyc002:1381552] Signal code:  (-6)
[epyc002:1381552] Failing at address: 0x99cf38001514b0
[epyc002:1381552] [ 0] /lib64/libc.so.6(+0x40d00)[0x7fdde78c5d00]
[epyc002:1381552] [ 1] /lib64/libc.so.6(__libc_free+0x25)[0x7fdde792d4f5]
[epyc002:1381552] [ 2] ./qsort[0x401719]
[epyc002:1381552] [ 3] /lib64/libc.so.6(+0x2a088)[0x7fdde78af088]
[epyc002:1381552] [ 4] /lib64/libc.so.6(__libc_start_main+0x8b)[0x7fdde78af14b]
[epyc002:1381552] [ 5] ./qsort[0x401975]
[epyc002:1381552] *** End of error message ***
[epyc002:1381546] [ 0] /lib64/libc.so.6(+0x40d00)[0x7fe714953d00]
[epyc002:1381546] [ 1] /lib64/libc.so.6(__libc_free+0x25)[0x7fe7149bb4f5]
[epyc002:1381546] [ 2] ./qsort[0x401719]
[epyc002:1381546] [ 3] /lib64/libc.so.6(+0x2a088)[0x7fe71493d088]
[epyc002:1381546] [ 4] /lib64/libc.so.6(__libc_start_main+0x8b)[0x7fe71493d14b]
[epyc002:1381546] [ 5] ./qsort[0x401975]
[epyc002:1381546] *** End of error message ***
[epyc002:1381545] *** Process received signal ***
[epyc002:1381545] Signal: Segmentation fault (11)
[epyc002:1381545] Signal code:  (-6)
[epyc002:1381545] Failing at address: 0x99cf38001514a9
[epyc002:1381545] [ 0] /lib64/libc.so.6(+0x40d00)[0x7fe523a14d00]
[epyc002:1381545] [ 1] /lib64/libc.so.6(__libc_free+0x25)[0x7fe523a7c4f5]
[epyc002:1381545] [ 2] ./qsort[0x401719]
[epyc002:1381545] [ 3] /lib64/libc.so.6(+0x2a088)[0x7fe5239fe088]
[epyc002:1381545] [ 4] /lib64/libc.so.6(__libc_start_main+0x8b)[0x7fe5239fe14b]
[epyc002:1381545] [ 5] ./qsort[0x401975]
[epyc002:1381545] *** End of error message ***
[epyc002:1381556] *** Process received signal ***
[epyc002:1381556] Signal: Segmentation fault (11)
[epyc002:1381556] Signal code:  (-6)
[epyc002:1381556] Failing at address: 0x99cf38001514b4
[epyc002:1381556] [ 0] /lib64/libc.so.6(+0x40d00)[0x7f9ad5effd00]
[epyc002:1381556] [ 1] /lib64/libc.so.6(__libc_free+0x25)[0x7f9ad5f674f5]
[epyc002:1381556] [ 2] ./qsort[0x401719]
[epyc002:1381556] [ 3] /lib64/libc.so.6(+0x2a088)[0x7f9ad5ee9088]
[epyc002:1381556] [ 4] /lib64/libc.so.6(__libc_start_main+0x8b)[0x7f9ad5ee914b]
[epyc002:1381556] [ 5] ./qsort[0x401975]
[epyc002:1381556] *** End of error message ***
[epyc002:1381555] *** Process received signal ***
[epyc002:1381555] Signal: Segmentation fault (11)
[epyc002:1381555] Signal code:  (-6)
[epyc002:1381555] Failing at address: 0x99cf38001514b3
[epyc002:1381555] [ 0] /lib64/libc.so.6(+0x40d00)[0x7f42ae7fad00]
[epyc002:1381555] [ 1] /lib64/libc.so.6(__libc_free+0x25)[0x7f42ae8624f5]
[epyc002:1381555] [ 2] ./qsort[0x401719]
[epyc002:1381555] [ 3] /lib64/libc.so.6(+0x2a088)[0x7f42ae7e4088]
[epyc002:1381555] [ 4] /lib64/libc.so.6(__libc_start_main+0x8b)[0x7f42ae7e414b]
[epyc002:1381555] [ 5] ./qsort[0x401975]
[epyc002:1381555] *** End of error message ***
[epyc002:1381553] *** Process received signal ***
[epyc002:1381553] Signal: Segmentation fault (11)
[epyc002:1381553] Signal code:  (-6)
[epyc002:1381553] Failing at address: 0x99cf38001514b1
[epyc002:1381553] [ 0] /lib64/libc.so.6(+0x40d00)[0x7fcd2db57d00]
[epyc002:1381553] [ 1] /lib64/libc.so.6(__libc_free+0x25)[0x7fcd2dbbf4f5]
[epyc002:1381553] [ 2] ./qsort[0x401719]
[epyc002:1381553] [ 3] /lib64/libc.so.6(+0x2a088)[0x7fcd2db41088]
[epyc002:1381553] [ 4] /lib64/libc.so.6(__libc_start_main+0x8b)[0x7fcd2db4114b]
[epyc002:1381553] [ 5] ./qsort[0x401975]
[epyc002:1381553] *** End of error message ***
[epyc002:1381559] *** Process received signal ***
[epyc002:1381559] Signal: Segmentation fault (11)
[epyc002:1381559] Signal code:  (-6)
[epyc002:1381559] Failing at address: 0x99cf38001514b7
[epyc002:1381559] [ 0] /lib64/libc.so.6(+0x40d00)[0x7ff58dd20d00]
[epyc002:1381559] [ 1] /lib64/libc.so.6(__libc_free+0x25)[0x7ff58dd884f5]
[epyc002:1381559] [ 2] ./qsort[0x401719]
[epyc002:1381559] [ 3] /lib64/libc.so.6(+0x2a088)[0x7ff58dd0a088]
[epyc002:1381559] [ 4] /lib64/libc.so.6(__libc_start_main+0x8b)[0x7ff58dd0a14b]
[epyc002:1381559] [ 5] ./qsort[0x401975]
[epyc002:1381559] *** End of error message ***
[epyc002:1381557] *** Process received signal ***
[epyc002:1381557] Signal: Segmentation fault (11)
[epyc002:1381557] Signal code:  (-6)
[epyc002:1381557] Failing at address: 0x99cf38001514b5
[epyc002:1381557] [ 0] /lib64/libc.so.6(+0x40d00)[0x7f3491d18d00]
[epyc002:1381557] [ 1] /lib64/libc.so.6(__libc_free+0x25)[0x7f3491d804f5]
[epyc002:1381557] [ 2] ./qsort[0x401719]
[epyc002:1381557] [ 3] /lib64/libc.so.6(+0x2a088)[0x7f3491d02088]
[epyc002:1381557] [ 4] /lib64/libc.so.6(__libc_start_main+0x8b)[0x7f3491d0214b]
[epyc002:1381557] [ 5] ./qsort[0x401975]
[epyc002:1381557] *** End of error message ***
[epyc002:1381558] [ 0] /lib64/libc.so.6(+0x40d00)[0x7f0a94782d00]
[epyc002:1381558] [ 1] /lib64/libc.so.6(__libc_free+0x25)[0x7f0a947ea4f5]
[epyc002:1381558] [ 2] ./qsort[0x401719]
[epyc002:1381558] [ 3] /lib64/libc.so.6(+0x2a088)[0x7f0a9476c088]
[epyc002:1381558] [ 4] /lib64/libc.so.6(__libc_start_main+0x8b)[0x7f0a9476c14b]
[epyc002:1381558] [ 5] ./qsort[0x401975]
[epyc002:1381558] *** End of error message ***
[epyc002:1381560] [ 0] /lib64/libc.so.6(+0x40d00)[0x7f27daa67d00]
[epyc002:1381560] [ 1] /lib64/libc.so.6(__libc_free+0x25)[0x7f27daacf4f5]
[epyc002:1381560] [ 2] ./qsort[0x401719]
[epyc002:1381560] [ 3] /lib64/libc.so.6(+0x2a088)[0x7f27daa51088]
[epyc002:1381560] [ 4] /lib64/libc.so.6(__libc_start_main+0x8b)[0x7f27daa5114b]
[epyc002:1381560] [ 5] ./qsort[0x401975]
[epyc002:1381560] *** End of error message ***
[epyc002:1381564] *** Process received signal ***
[epyc002:1381564] Signal: Segmentation fault (11)
[epyc002:1381564] Signal code:  (-6)
[epyc002:1381564] Failing at address: 0x99cf38001514bc
[epyc002:1381564] [ 0] /lib64/libc.so.6(+0x40d00)[0x7f4d15215d00]
[epyc002:1381564] [ 1] /lib64/libc.so.6(__libc_free+0x25)[0x7f4d1527d4f5]
[epyc002:1381564] [ 2] ./qsort[0x401719]
[epyc002:1381564] [ 3] /lib64/libc.so.6(+0x2a088)[0x7f4d151ff088]
[epyc002:1381564] [ 4] /lib64/libc.so.6(__libc_start_main+0x8b)[0x7f4d151ff14b]
[epyc002:1381564] [ 5] ./qsort[0x401975]
[epyc002:1381564] *** End of error message ***
[epyc002:1381561] *** Process received signal ***
[epyc002:1381561] Signal: Segmentation fault (11)
[epyc002:1381561] Signal code:  (-6)
[epyc002:1381561] Failing at address: 0x99cf38001514b9
[epyc002:1381561] [ 0] /lib64/libc.so.6(+0x40d00)[0x7f41986d4d00]
[epyc002:1381561] [ 1] /lib64/libc.so.6(__libc_free+0x25)[0x7f419873c4f5]
[epyc002:1381561] [ 2] ./qsort[0x401719]
[epyc002:1381561] [ 3] /lib64/libc.so.6(+0x2a088)[0x7f41986be088]
[epyc002:1381561] [ 4] /lib64/libc.so.6(__libc_start_main+0x8b)[0x7f41986be14b]
[epyc002:1381561] [ 5] ./qsort[0x401975]
[epyc002:1381561] *** End of error message ***
[epyc002:1381563] *** Process received signal ***
[epyc002:1381563] Signal: Segmentation fault (11)
[epyc002:1381563] Signal code:  (-6)
[epyc002:1381563] Failing at address: 0x99cf38001514bb
[epyc002:1381563] [ 0] /lib64/libc.so.6(+0x40d00)[0x7f2bf0117d00]
[epyc002:1381563] [ 1] /lib64/libc.so.6(__libc_free+0x25)[0x7f2bf017f4f5]
[epyc002:1381563] [ 2] ./qsort[0x401719]
[epyc002:1381563] [ 3] /lib64/libc.so.6(+0x2a088)[0x7f2bf0101088]
[epyc002:1381563] [ 4] /lib64/libc.so.6(__libc_start_main+0x8b)[0x7f2bf010114b]
[epyc002:1381563] [ 5] ./qsort[0x401975]
[epyc002:1381563] *** End of error message ***
[epyc002:1381567] *** Process received signal ***
[epyc002:1381567] Signal: Segmentation fault (11)
[epyc002:1381567] Signal code:  (-6)
[epyc002:1381567] Failing at address: 0x99cf38001514bf
[epyc002:1381567] [ 0] /lib64/libc.so.6(+0x40d00)[0x7fe1b6ea0d00]
[epyc002:1381567] [ 1] /lib64/libc.so.6(__libc_free+0x25)[0x7fe1b6f084f5]
[epyc002:1381567] [ 2] ./qsort[0x401719]
[epyc002:1381567] [ 3] /lib64/libc.so.6(+0x2a088)[0x7fe1b6e8a088]
[epyc002:1381567] [ 4] /lib64/libc.so.6(__libc_start_main+0x8b)[0x7fe1b6e8a14b]
[epyc002:1381567] [ 5] ./qsort[0x401975]
[epyc002:1381567] *** End of error message ***
[epyc002:1381565] *** Process received signal ***
[epyc002:1381565] Signal: Segmentation fault (11)
[epyc002:1381565] Signal code:  (-6)
[epyc002:1381565] Failing at address: 0x99cf38001514bd
[epyc002:1381565] [ 0] /lib64/libc.so.6(+0x40d00)[0x7f32f3435d00]
[epyc002:1381565] [ 1] /lib64/libc.so.6(__libc_free+0x25)[0x7f32f349d4f5]
[epyc002:1381565] [ 2] ./qsort[0x401719]
[epyc002:1381565] [ 3] /lib64/libc.so.6(+0x2a088)[0x7f32f341f088]
[epyc002:1381565] [ 4] /lib64/libc.so.6(__libc_start_main+0x8b)[0x7f32f341f14b]
[epyc002:1381565] [ 5] ./qsort[0x401975]
[epyc002:1381565] *** End of error message ***
[epyc002:1381566] [ 0] /lib64/libc.so.6(+0x40d00)[0x7f4e386e1d00]
[epyc002:1381566] [ 1] /lib64/libc.so.6(__libc_free+0x25)[0x7f4e387494f5]
[epyc002:1381566] [ 2] ./qsort[0x401719]
[epyc002:1381566] [ 3] /lib64/libc.so.6(+0x2a088)[0x7f4e386cb088]
[epyc002:1381566] [ 4] /lib64/libc.so.6(__libc_start_main+0x8b)[0x7f4e386cb14b]
[epyc002:1381566] [ 5] ./qsort[0x401975]
[epyc002:1381566] *** End of error message ***
[epyc002:1381571] [ 0] /lib64/libc.so.6(+0x40d00)[0x7f08cb0d8d00]
[epyc002:1381571] [ 1] /lib64/libc.so.6(__libc_free+0x25)[0x7f08cb1404f5]
[epyc002:1381571] [ 2] ./qsort[0x401719]
[epyc002:1381571] [ 3] /lib64/libc.so.6(+0x2a088)[0x7f08cb0c2088]
[epyc002:1381571] [ 4] /lib64/libc.so.6(__libc_start_main+0x8b)[0x7f08cb0c214b]
[epyc002:1381571] [ 5] ./qsort[0x401975]
[epyc002:1381571] *** End of error message ***
[epyc002:1381573] *** Process received signal ***
[epyc002:1381573] Signal: Segmentation fault (11)
[epyc002:1381573] Signal code:  (-6)
[epyc002:1381573] Failing at address: 0x99cf38001514c5
[epyc002:1381573] [ 0] /lib64/libc.so.6(+0x40d00)[0x7fad12715d00]
[epyc002:1381573] [ 1] /lib64/libc.so.6(__libc_free+0x25)[0x7fad1277d4f5]
[epyc002:1381573] [ 2] ./qsort[0x401719]
[epyc002:1381573] [ 3] /lib64/libc.so.6(+0x2a088)[0x7fad126ff088]
[epyc002:1381573] [ 4] /lib64/libc.so.6(__libc_start_main+0x8b)[0x7fad126ff14b]
[epyc002:1381573] [ 5] ./qsort[0x401975]
[epyc002:1381573] *** End of error message ***
[epyc002:1381570] *** Process received signal ***
[epyc002:1381570] Signal: Segmentation fault (11)
[epyc002:1381570] Signal code:  (-6)
[epyc002:1381570] Failing at address: 0x99cf38001514c2
[epyc002:1381570] [ 0] /lib64/libc.so.6(+0x40d00)[0x7f505364ad00]
[epyc002:1381570] [ 1] /lib64/libc.so.6(__libc_free+0x25)[0x7f50536b24f5]
[epyc002:1381570] [ 2] ./qsort[0x401719]
[epyc002:1381570] [ 3] /lib64/libc.so.6(+0x2a088)[0x7f5053634088]
[epyc002:1381570] [ 4] /lib64/libc.so.6(__libc_start_main+0x8b)[0x7f505363414b]
[epyc002:1381570] [ 5] ./qsort[0x401975]
[epyc002:1381570] *** End of error message ***
[epyc002:1381569] *** Process received signal ***
[epyc002:1381569] Signal: Segmentation fault (11)
[epyc002:1381569] Signal code:  (-6)
[epyc002:1381569] Failing at address: 0x99cf38001514c1
[epyc002:1381569] [ 0] /lib64/libc.so.6(+0x40d00)[0x7fab12e0ad00]
[epyc002:1381569] [ 1] /lib64/libc.so.6(__libc_free+0x25)[0x7fab12e724f5]
[epyc002:1381569] [ 2] ./qsort[0x401719]
[epyc002:1381569] [ 3] /lib64/libc.so.6(+0x2a088)[0x7fab12df4088]
[epyc002:1381569] [ 4] /lib64/libc.so.6(__libc_start_main+0x8b)[0x7fab12df414b]
[epyc002:1381569] [ 5] ./qsort[0x401975]
[epyc002:1381569] *** End of error message ***
[epyc002:1381575] *** Process received signal ***
[epyc002:1381575] Signal: Segmentation fault (11)
[epyc002:1381575] Signal code:  (-6)
[epyc002:1381575] Failing at address: 0x99cf38001514c7
[epyc002:1381575] [ 0] /lib64/libc.so.6(+0x40d00)[0x7f9eb750cd00]
[epyc002:1381575] [ 1] /lib64/libc.so.6(__libc_free+0x25)[0x7f9eb75744f5]
[epyc002:1381575] [ 2] ./qsort[0x401719]
[epyc002:1381575] [ 3] /lib64/libc.so.6(+0x2a088)[0x7f9eb74f6088]
[epyc002:1381575] [ 4] /lib64/libc.so.6(__libc_start_main+0x8b)[0x7f9eb74f614b]
[epyc002:1381575] [ 5] ./qsort[0x401975]
[epyc002:1381575] *** End of error message ***
[epyc002:1381574] *** Process received signal ***
[epyc002:1381574] Signal: Segmentation fault (11)
[epyc002:1381574] Signal code:  (-6)
[epyc002:1381574] Failing at address: 0x99cf38001514c6
[epyc002:1381574] [ 0] /lib64/libc.so.6(+0x40d00)[0x7f20bd762d00]
[epyc002:1381574] [ 1] /lib64/libc.so.6(__libc_free+0x25)[0x7f20bd7ca4f5]
[epyc002:1381574] [ 2] ./qsort[0x401719]
[epyc002:1381574] [ 3] /lib64/libc.so.6(+0x2a088)[0x7f20bd74c088]
[epyc002:1381574] [ 4] /lib64/libc.so.6(__libc_start_main+0x8b)[0x7f20bd74c14b]
[epyc002:1381574] [ 5] ./qsort[0x401975]
[epyc002:1381574] *** End of error message ***
[epyc002:1381572] *** Process received signal ***
[epyc002:1381572] Signal: Segmentation fault (11)
[epyc002:1381572] Signal code:  (-6)
[epyc002:1381572] Failing at address: 0x99cf38001514c4
[epyc002:1381572] [ 0] /lib64/libc.so.6(+0x40d00)[0x7f2f955d8d00]
[epyc002:1381572] [ 1] /lib64/libc.so.6(__libc_free+0x25)[0x7f2f956404f5]
[epyc002:1381572] [ 2] ./qsort[0x401719]
[epyc002:1381572] [ 3] /lib64/libc.so.6(+0x2a088)[0x7f2f955c2088]
[epyc002:1381572] [ 4] /lib64/libc.so.6(__libc_start_main+0x8b)[0x7f2f955c214b]
[epyc002:1381572] [ 5] ./qsort[0x401975]
[epyc002:1381572] *** End of error message ***
[epyc002:1381578] *** Process received signal ***
[epyc002:1381578] Signal: Segmentation fault (11)
[epyc002:1381578] Signal code:  (-6)
[epyc002:1381578] Failing at address: 0x99cf38001514ca
[epyc002:1381578] [ 0] /lib64/libc.so.6(+0x40d00)[0x7fb64b697d00]
[epyc002:1381578] [ 1] /lib64/libc.so.6(__libc_free+0x25)[0x7fb64b6ff4f5]
[epyc002:1381578] [ 2] ./qsort[0x401719]
[epyc002:1381578] [ 3] /lib64/libc.so.6(+0x2a088)[0x7fb64b681088]
[epyc002:1381578] [ 4] /lib64/libc.so.6(__libc_start_main+0x8b)[0x7fb64b68114b]
[epyc002:1381578] [ 5] ./qsort[0x401975]
[epyc002:1381578] *** End of error message ***
[epyc002:1381580] [ 0] /lib64/libc.so.6(+0x40d00)[0x7f2204460d00]
[epyc002:1381580] [ 1] /lib64/libc.so.6(__libc_free+0x25)[0x7f22044c84f5]
[epyc002:1381580] [ 2] ./qsort[0x401719]
[epyc002:1381580] [ 3] /lib64/libc.so.6(+0x2a088)[0x7f220444a088]
[epyc002:1381580] [ 4] /lib64/libc.so.6(__libc_start_main+0x8b)[0x7f220444a14b]
[epyc002:1381580] [ 5] ./qsort[0x401975]
[epyc002:1381580] *** End of error message ***
[epyc002:1381579] *** Process received signal ***
[epyc002:1381579] Signal: Segmentation fault (11)
[epyc002:1381579] Signal code:  (-6)
[epyc002:1381579] Failing at address: 0x99cf38001514cb
[epyc002:1381579] [ 0] /lib64/libc.so.6(+0x40d00)[0x7fa04f07ad00]
[epyc002:1381579] [ 1] /lib64/libc.so.6(__libc_free+0x25)[0x7fa04f0e24f5]
[epyc002:1381579] [ 2] ./qsort[0x401719]
[epyc002:1381579] [ 3] /lib64/libc.so.6(+0x2a088)[0x7fa04f064088]
[epyc002:1381579] [ 4] /lib64/libc.so.6(__libc_start_main+0x8b)[0x7fa04f06414b]
[epyc002:1381579] [ 5] ./qsort[0x401975]
[epyc002:1381579] *** End of error message ***
[epyc002:1381577] *** Process received signal ***
[epyc002:1381577] Signal: Segmentation fault (11)
[epyc002:1381577] Signal code:  (-6)
[epyc002:1381577] Failing at address: 0x99cf38001514c9
[epyc002:1381577] [ 0] /lib64/libc.so.6(+0x40d00)[0x7f24578ecd00]
[epyc002:1381577] [ 1] /lib64/libc.so.6(__libc_free+0x25)[0x7f24579544f5]
[epyc002:1381577] [ 2] ./qsort[0x401719]
[epyc002:1381577] [ 3] /lib64/libc.so.6(+0x2a088)[0x7f24578d6088]
[epyc002:1381577] [ 4] /lib64/libc.so.6(__libc_start_main+0x8b)[0x7f24578d614b]
[epyc002:1381577] [ 5] ./qsort[0x401975]
[epyc002:1381577] *** End of error message ***
[epyc002:1381583] [ 0] /lib64/libc.so.6(+0x40d00)[0x7f9b1f930d00]
[epyc002:1381583] [ 1] /lib64/libc.so.6(__libc_free+0x25)[0x7f9b1f9984f5]
[epyc002:1381583] [ 2] ./qsort[0x401719]
[epyc002:1381583] [ 3] /lib64/libc.so.6(+0x2a088)[0x7f9b1f91a088]
[epyc002:1381583] [ 4] /lib64/libc.so.6(__libc_start_main+0x8b)[0x7f9b1f91a14b]
[epyc002:1381583] [ 5] ./qsort[0x401975]
[epyc002:1381583] *** End of error message ***
[epyc002:1381584] *** Process received signal ***
[epyc002:1381584] Signal: Segmentation fault (11)
[epyc002:1381584] Signal code:  (-6)
[epyc002:1381584] Failing at address: 0x99cf38001514d0
[epyc002:1381584] [ 0] /lib64/libc.so.6(+0x40d00)[0x7fbf8988bd00]
[epyc002:1381584] [ 1] /lib64/libc.so.6(__libc_free+0x25)[0x7fbf898f34f5]
[epyc002:1381584] [ 2] ./qsort[0x401719]
[epyc002:1381584] [ 3] /lib64/libc.so.6(+0x2a088)[0x7fbf89875088]
[epyc002:1381584] [ 4] /lib64/libc.so.6(__libc_start_main+0x8b)[0x7fbf8987514b]
[epyc002:1381584] [ 5] ./qsort[0x401975]
[epyc002:1381584] *** End of error message ***
[epyc002:1381576] *** Process received signal ***
[epyc002:1381576] Signal: Segmentation fault (11)
[epyc002:1381576] Signal code:  (-6)
[epyc002:1381576] Failing at address: 0x99cf38001514c8
[epyc002:1381576] [ 0] /lib64/libc.so.6(+0x40d00)[0x7ff443e9ed00]
[epyc002:1381576] [ 1] /lib64/libc.so.6(__libc_free+0x25)[0x7ff443f064f5]
[epyc002:1381576] [ 2] ./qsort[0x401719]
[epyc002:1381576] [ 3] /lib64/libc.so.6(+0x2a088)[0x7ff443e88088]
[epyc002:1381576] [ 4] /lib64/libc.so.6(__libc_start_main+0x8b)[0x7ff443e8814b]
[epyc002:1381576] [ 5] ./qsort[0x401975]
[epyc002:1381576] *** End of error message ***
[epyc002:1381581] *** Process received signal ***
[epyc002:1381581] Signal: Segmentation fault (11)
[epyc002:1381581] Signal code:  (-6)
[epyc002:1381581] Failing at address: 0x99cf38001514cd
[epyc002:1381581] [ 0] /lib64/libc.so.6(+0x40d00)[0x7fdedd308d00]
[epyc002:1381581] [ 1] /lib64/libc.so.6(__libc_free+0x25)[0x7fdedd3704f5]
[epyc002:1381581] [ 2] ./qsort[0x401719]
[epyc002:1381581] [ 3] /lib64/libc.so.6(+0x2a088)[0x7fdedd2f2088]
[epyc002:1381581] [ 4] /lib64/libc.so.6(__libc_start_main+0x8b)[0x7fdedd2f214b]
[epyc002:1381581] [ 5] ./qsort[0x401975]
[epyc002:1381581] *** End of error message ***
[epyc002:1381590] *** Process received signal ***
[epyc002:1381590] Signal: Segmentation fault (11)
[epyc002:1381590] Signal code:  (-6)
[epyc002:1381590] Failing at address: 0x99cf38001514d6
[epyc002:1381590] [ 0] /lib64/libc.so.6(+0x40d00)[0x7f9b54ca8d00]
[epyc002:1381590] [ 1] /lib64/libc.so.6(__libc_free+0x25)[0x7f9b54d104f5]
[epyc002:1381590] [ 2] ./qsort[0x401719]
[epyc002:1381590] [ 3] /lib64/libc.so.6(+0x2a088)[0x7f9b54c92088]
[epyc002:1381590] [ 4] /lib64/libc.so.6(__libc_start_main+0x8b)[0x7f9b54c9214b]
[epyc002:1381590] [ 5] ./qsort[0x401975]
[epyc002:1381590] *** End of error message ***
[epyc002:1381588] *** Process received signal ***
[epyc002:1381588] Signal: Segmentation fault (11)
[epyc002:1381588] Signal code:  (-6)
[epyc002:1381588] Failing at address: 0x99cf38001514d4
[epyc002:1381588] [ 0] /lib64/libc.so.6(+0x40d00)[0x7ff903f3fd00]
[epyc002:1381588] [ 1] /lib64/libc.so.6(__libc_free+0x25)[0x7ff903fa74f5]
[epyc002:1381588] [ 2] ./qsort[0x401719]
[epyc002:1381588] [ 3] /lib64/libc.so.6(+0x2a088)[0x7ff903f29088]
[epyc002:1381588] [ 4] /lib64/libc.so.6(__libc_start_main+0x8b)[0x7ff903f2914b]
[epyc002:1381588] [ 5] ./qsort[0x401975]
[epyc002:1381588] *** End of error message ***
[epyc002:1381585] *** Process received signal ***
[epyc002:1381585] Signal: Segmentation fault (11)
[epyc002:1381585] Signal code:  (-6)
[epyc002:1381585] Failing at address: 0x99cf38001514d1
[epyc002:1381585] [ 0] /lib64/libc.so.6(+0x40d00)[0x7ff95f112d00]
[epyc002:1381585] [ 1] /lib64/libc.so.6(__libc_free+0x25)[0x7ff95f17a4f5]
[epyc002:1381585] [ 2] ./qsort[0x401719]
[epyc002:1381585] [ 3] /lib64/libc.so.6(+0x2a088)[0x7ff95f0fc088]
[epyc002:1381585] [ 4] /lib64/libc.so.6(__libc_start_main+0x8b)[0x7ff95f0fc14b]
[epyc002:1381585] [ 5] ./qsort[0x401975]
[epyc002:1381585] *** End of error message ***
==== backtrace (tid:1381592) ====
 0  /lib64/libucs.so.0(ucs_handle_error+0x2e4) [0x7f3decd51144]
 1  /lib64/libucs.so.0(+0x2880d) [0x7f3decd5280d]
 2  /lib64/libucs.so.0(+0x289dd) [0x7f3decd529dd]
 3  /lib64/libc.so.6(__libc_free+0x25) [0x7f3df00024f5]
 4  ./qsort() [0x401719]
 5  /lib64/libc.so.6(+0x2a088) [0x7f3deff84088]
 6  /lib64/libc.so.6(__libc_start_main+0x8b) [0x7f3deff8414b]
 7  ./qsort() [0x401975]
=================================
[epyc002:1381592] *** Process received signal ***
[epyc002:1381592] Signal: Segmentation fault (11)
[epyc002:1381592] Signal code:  (-6)
[epyc002:1381592] Failing at address: 0x99cf38001514d8
[epyc002:1381592] [ 0] /lib64/libc.so.6(+0x40d00)[0x7f3deff9ad00]
[epyc002:1381592] [ 1] /lib64/libc.so.6(__libc_free+0x25)[0x7f3df00024f5]
[epyc002:1381592] [ 2] ./qsort[0x401719]
[epyc002:1381592] [ 3] /lib64/libc.so.6(+0x2a088)[0x7f3deff84088]
[epyc002:1381592] [ 4] /lib64/libc.so.6(__libc_start_main+0x8b)[0x7f3deff8414b]
[epyc002:1381592] [ 5] ./qsort[0x401975]
[epyc002:1381592] *** End of error message ***
[epyc002:1381593] *** Process received signal ***
[epyc002:1381593] Signal: Segmentation fault (11)
[epyc002:1381593] Signal code:  (-6)
[epyc002:1381593] Failing at address: 0x99cf38001514d9
[epyc002:1381593] [ 0] /lib64/libc.so.6(+0x40d00)[0x7f3beffe3d00]
[epyc002:1381593] [ 1] /lib64/libc.so.6(__libc_free+0x25)[0x7f3bf004b4f5]
[epyc002:1381593] [ 2] ./qsort[0x401719]
[epyc002:1381593] [ 3] /lib64/libc.so.6(+0x2a088)[0x7f3beffcd088]
[epyc002:1381593] [ 4] /lib64/libc.so.6(__libc_start_main+0x8b)[0x7f3beffcd14b]
[epyc002:1381593] [ 5] ./qsort[0x401975]
[epyc002:1381593] *** End of error message ***
[epyc002:1381587] [ 1] /lib64/libc.so.6(__libc_free+0x25)[0x7f44742524f5]
[epyc002:1381587] [ 2] ./qsort[0x401719]
[epyc002:1381587] [ 3] /lib64/libc.so.6(+0x2a088)[0x7f44741d4088]
[epyc002:1381587] [ 4] /lib64/libc.so.6(__libc_start_main+0x8b)[0x7f44741d414b]
[epyc002:1381587] [ 5] ./qsort[0x401975]
[epyc002:1381587] *** End of error message ***
[epyc002:1381589] *** Process received signal ***
[epyc002:1381589] Signal: Segmentation fault (11)
[epyc002:1381589] Signal code:  (-6)
[epyc002:1381589] Failing at address: 0x99cf38001514d5
[epyc002:1381589] [ 0] /lib64/libc.so.6(+0x40d00)[0x7f315a6eed00]
[epyc002:1381589] [ 1] /lib64/libc.so.6(__libc_free+0x25)[0x7f315a7564f5]
[epyc002:1381589] [ 2] ./qsort[0x401719]
[epyc002:1381589] [ 3] /lib64/libc.so.6(+0x2a088)[0x7f315a6d8088]
[epyc002:1381589] [ 4] /lib64/libc.so.6(__libc_start_main+0x8b)[0x7f315a6d814b]
[epyc002:1381589] [ 5] ./qsort[0x401975]
[epyc002:1381589] *** End of error message ***
[epyc002:1381595] *** Process received signal ***
[epyc002:1381595] Signal: Segmentation fault (11)
[epyc002:1381595] Signal code:  (-6)
[epyc002:1381595] Failing at address: 0x99cf38001514db
[epyc002:1381595] [ 0] /lib64/libc.so.6(+0x40d00)[0x7f69d759dd00]
[epyc002:1381595] [ 1] /lib64/libc.so.6(__libc_free+0x25)[0x7f69d76054f5]
[epyc002:1381595] [ 2] ./qsort[0x401719]
[epyc002:1381595] [ 3] /lib64/libc.so.6(+0x2a088)[0x7f69d7587088]
[epyc002:1381595] [ 4] /lib64/libc.so.6(__libc_start_main+0x8b)[0x7f69d758714b]
[epyc002:1381595] [ 5] ./qsort[0x401975]
[epyc002:1381595] *** End of error message ***
[epyc002:1381591] *** Process received signal ***
[epyc002:1381591] Signal: Segmentation fault (11)
[epyc002:1381591] Signal code:  (-6)
[epyc002:1381591] Failing at address: 0x99cf38001514d7
[epyc002:1381591] [ 0] /lib64/libc.so.6(+0x40d00)[0x7fde337d7d00]
[epyc002:1381591] [ 1] /lib64/libc.so.6(__libc_free+0x25)[0x7fde3383f4f5]
[epyc002:1381591] [ 2] ./qsort[0x401719]
[epyc002:1381591] [ 3] /lib64/libc.so.6(+0x2a088)[0x7fde337c1088]
[epyc002:1381591] [ 4] /lib64/libc.so.6(__libc_start_main+0x8b)[0x7fde337c114b]
[epyc002:1381591] [ 5] ./qsort[0x401975]
[epyc002:1381591] *** End of error message ***
[epyc002:1381594] [ 0] /lib64/libc.so.6(+0x40d00)[0x7faf9d4e6d00]
[epyc002:1381594] [ 1] /lib64/libc.so.6(__libc_free+0x25)[0x7faf9d54e4f5]
[epyc002:1381594] [ 2] ./qsort[0x401719]
[epyc002:1381594] [ 3] /lib64/libc.so.6(+0x2a088)[0x7faf9d4d0088]
[epyc002:1381594] [ 4] /lib64/libc.so.6(__libc_start_main+0x8b)[0x7faf9d4d014b]
[epyc002:1381594] [ 5] ./qsort[0x401975]
[epyc002:1381594] *** End of error message ***
[epyc002:1381507] *** Process received signal ***
[epyc002:1381507] Signal: Segmentation fault (11)
[epyc002:1381507] Signal code:  (-6)
[epyc002:1381507] Failing at address: 0x99cf3800151483
[epyc002:1381507] [ 0] /lib64/libc.so.6(+0x40d00)[0x7fd3d4d16d00]
[epyc002:1381507] [ 1] /lib64/libc.so.6(__libc_free+0x25)[0x7fd3d4d7e4f5]
[epyc002:1381507] [ 2] ./qsort[0x401719]
[epyc002:1381507] [ 3] /lib64/libc.so.6(+0x2a088)[0x7fd3d4d00088]
[epyc002:1381507] [ 4] /lib64/libc.so.6(__libc_start_main+0x8b)[0x7fd3d4d0014b]
[epyc002:1381507] [ 5] ./qsort[0x401975]
[epyc002:1381507] *** End of error message ***
[epyc002:1381509] *** Process received signal ***
[epyc002:1381509] Signal: Segmentation fault (11)
[epyc002:1381509] Signal code:  (-6)
[epyc002:1381509] Failing at address: 0x99cf3800151485
[epyc002:1381509] [ 0] /lib64/libc.so.6(+0x40d00)[0x7fb5d5a44d00]
[epyc002:1381509] [ 1] /lib64/libc.so.6(__libc_free+0x25)[0x7fb5d5aac4f5]
[epyc002:1381509] [ 2] ./qsort[0x401719]
[epyc002:1381509] [ 3] /lib64/libc.so.6(+0x2a088)[0x7fb5d5a2e088]
[epyc002:1381509] [ 4] /lib64/libc.so.6(__libc_start_main+0x8b)[0x7fb5d5a2e14b]
[epyc002:1381509] [ 5] ./qsort[0x401975]
[epyc002:1381509] *** End of error message ***
[epyc002:1381508] [ 0] /lib64/libc.so.6(+0x40d00)[0x7fc63ca4ed00]
[epyc002:1381508] [ 1] /lib64/libc.so.6(__libc_free+0x25)[0x7fc63cab64f5]
[epyc002:1381508] [ 2] ./qsort[0x401719]
[epyc002:1381508] [ 3] /lib64/libc.so.6(+0x2a088)[0x7fc63ca38088]
[epyc002:1381508] [ 4] /lib64/libc.so.6(__libc_start_main+0x8b)[0x7fc63ca3814b]
[epyc002:1381508] [ 5] ./qsort[0x401975]
[epyc002:1381508] *** End of error message ***
[epyc002:1381511] [ 0] /lib64/libc.so.6(+0x40d00)[0x7f97ed062d00]
[epyc002:1381511] [ 1] /lib64/libc.so.6(__libc_free+0x25)[0x7f97ed0ca4f5]
[epyc002:1381511] [ 2] ./qsort[0x401719]
[epyc002:1381511] [ 3] /lib64/libc.so.6(+0x2a088)[0x7f97ed04c088]
[epyc002:1381511] [ 4] /lib64/libc.so.6(__libc_start_main+0x8b)[0x7f97ed04c14b]
[epyc002:1381511] [ 5] ./qsort[0x401975]
[epyc002:1381511] *** End of error message ***
[epyc002:1381512] [ 0] /lib64/libc.so.6(+0x40d00)[0x7fc987ea4d00]
[epyc002:1381512] [ 1] /lib64/libc.so.6(__libc_free+0x25)[0x7fc987f0c4f5]
[epyc002:1381512] [ 2] ./qsort[0x401719]
[epyc002:1381512] [ 3] /lib64/libc.so.6(+0x2a088)[0x7fc987e8e088]
[epyc002:1381512] [ 4] /lib64/libc.so.6(__libc_start_main+0x8b)[0x7fc987e8e14b]
[epyc002:1381512] [ 5] ./qsort[0x401975]
[epyc002:1381512] *** End of error message ***
[epyc002:1381515] *** Process received signal ***
[epyc002:1381515] Signal: Segmentation fault (11)
[epyc002:1381515] Signal code:  (-6)
[epyc002:1381515] Failing at address: 0x99cf380015148b
[epyc002:1381515] [ 0] /lib64/libc.so.6(+0x40d00)[0x7f5ebb278d00]
[epyc002:1381515] [ 1] /lib64/libc.so.6(__libc_free+0x25)[0x7f5ebb2e04f5]
[epyc002:1381515] [ 2] ./qsort[0x401719]
[epyc002:1381515] [ 3] /lib64/libc.so.6(+0x2a088)[0x7f5ebb262088]
[epyc002:1381515] [ 4] /lib64/libc.so.6(__libc_start_main+0x8b)[0x7f5ebb26214b]
[epyc002:1381515] [ 5] ./qsort[0x401975]
[epyc002:1381515] *** End of error message ***
[epyc002:1381517] [ 0] /lib64/libc.so.6(+0x40d00)[0x7feabf656d00]
[epyc002:1381517] [ 1] /lib64/libc.so.6(__libc_free+0x25)[0x7feabf6be4f5]
[epyc002:1381517] [ 2] ./qsort[0x401719]
[epyc002:1381517] [ 3] /lib64/libc.so.6(+0x2a088)[0x7feabf640088]
[epyc002:1381517] [ 4] /lib64/libc.so.6(__libc_start_main+0x8b)[0x7feabf64014b]
[epyc002:1381517] [ 5] ./qsort[0x401975]
[epyc002:1381517] *** End of error message ***
[epyc002:1381518] *** Process received signal ***
[epyc002:1381518] Signal: Segmentation fault (11)
[epyc002:1381518] Signal code:  (-6)
[epyc002:1381518] Failing at address: 0x99cf380015148e
[epyc002:1381518] [ 0] /lib64/libc.so.6(+0x40d00)[0x7f63049f2d00]
[epyc002:1381518] [ 1] /lib64/libc.so.6(__libc_free+0x25)[0x7f6304a5a4f5]
[epyc002:1381518] [ 2] ./qsort[0x401719]
[epyc002:1381518] [ 3] /lib64/libc.so.6(+0x2a088)[0x7f63049dc088]
[epyc002:1381518] [ 4] /lib64/libc.so.6(__libc_start_main+0x8b)[0x7f63049dc14b]
[epyc002:1381518] [ 5] ./qsort[0x401975]
[epyc002:1381518] *** End of error message ***
/lib64/libc.so.6(__libc_free+0x25)[0x7f76b4fa84f5]
[epyc002:1381541] [ 2] ./qsort[0x401719]
[epyc002:1381541] [ 3] /lib64/libc.so.6(+0x2a088)[0x7f76b4f2a088]
[epyc002:1381541] [ 4] /lib64/libc.so.6(__libc_start_main+0x8b)[0x7f76b4f2a14b]
[epyc002:1381541] [ 5] ./qsort[0x401975]
[epyc002:1381541] *** End of error message ***
[epyc002:1381538] [ 0] /lib64/libc.so.6(+0x40d00)[0x7ffb19fc1d00]
[epyc002:1381538] [ 1] /lib64/libc.so.6(__libc_free+0x25)[0x7ffb1a0294f5]
[epyc002:1381538] [ 2] ./qsort[0x401719]
[epyc002:1381538] [ 3] /lib64/libc.so.6(+0x2a088)[0x7ffb19fab088]
[epyc002:1381538] [ 4] /lib64/libc.so.6(__libc_start_main+0x8b)[0x7ffb19fab14b]
[epyc002:1381538] [ 5] ./qsort[0x401975]
[epyc002:1381538] *** End of error message ***
[epyc002:1381582] *** Process received signal ***
[epyc002:1381582] Signal: Segmentation fault (11)
[epyc002:1381582] Signal code:  (-6)
[epyc002:1381582] Failing at address: 0x99cf38001514ce
[epyc002:1381582] [ 0] /lib64/libc.so.6(+0x40d00)[0x7f3bee5c8d00]
[epyc002:1381582] [ 1] /lib64/libc.so.6(__libc_free+0x25)[0x7f3bee6304f5]
[epyc002:1381582] [ 2] ./qsort[0x401719]
[epyc002:1381582] [ 3] /lib64/libc.so.6(+0x2a088)[0x7f3bee5b2088]
[epyc002:1381582] [ 4] /lib64/libc.so.6(__libc_start_main+0x8b)[0x7f3bee5b214b]
[epyc002:1381582] [ 5] ./qsort[0x401975]
[epyc002:1381582] *** End of error message ***
--------------------------------------------------------------------------
Primary job  terminated normally, but 1 process returned
a non-zero exit code. Per user-direction, the job has been aborted.
--------------------------------------------------------------------------
--------------------------------------------------------------------------
mpirun noticed that process rank 4 with PID 1381511 on node epyc002 exited on signal 11 (Segmentation fault).
--------------------------------------------------------------------------
