               total        used        free      shared  buff/cache   available
Mem:          515391       12960      155009        4182      354601      502430
Swap:           8191          48        8143
               total        used        free      shared  buff/cache   available
Mem:          515391       13089      154880        4190      354611      502302
Swap:           8191          48        8143
               total        used        free      shared  buff/cache   available
Mem:          515391       16881      151084        4582      355007      498510
Swap:           8191          48        8143
               total        used        free      shared  buff/cache   available
Mem:          515391       19354      148611        4582      355007      496037
Swap:           8191          48        8143
               total        used        free      shared  buff/cache   available
Mem:          515391       21918      146047        4582      355007      493473
Swap:           8191          48        8143
               total        used        free      shared  buff/cache   available
Mem:          515391       24475      143490        4582      355007      490916
Swap:           8191          48        8143
               total        used        free      shared  buff/cache   available
Mem:          515391       26828      141136        4582      355007      488562
Swap:           8191          48        8143
               total        used        free      shared  buff/cache   available
Mem:          515391       29119      138845        4582      355007      486272
Swap:           8191          48        8143
               total        used        free      shared  buff/cache   available
Mem:          515391       31445      136519        4582      355007      483945
Swap:           8191          48        8143
               total        used        free      shared  buff/cache   available
Mem:          515391       33773      134191        4582      355007      481617
Swap:           8191          48        8143
               total        used        free      shared  buff/cache   available
Mem:          515391       36097      131867        4582      355007      479294
Swap:           8191          48        8143
               total        used        free      shared  buff/cache   available
Mem:          515391       38409      129555        4582      355007      476982
Swap:           8191          48        8143
               total        used        free      shared  buff/cache   available
Mem:          515391       40722      127242        4582      355007      474669
Swap:           8191          48        8143
               total        used        free      shared  buff/cache   available
Mem:          515391       43052      124912        4582      355007      472338
Swap:           8191          48        8143
               total        used        free      shared  buff/cache   available
Mem:          515391       45360      122605        4582      355007      470031
Swap:           8191          48        8143
               total        used        free      shared  buff/cache   available
Mem:          515391       47667      120298        4582      355007      467724
Swap:           8191          48        8143
               total        used        free      shared  buff/cache   available
Mem:          515391       49950      118014        4582      355007      465441
Swap:           8191          48        8143
               total        used        free      shared  buff/cache   available
Mem:          515391       52201      115763        4582      355007      463190
Swap:           8191          48        8143
               total        used        free      shared  buff/cache   available
Mem:          515391       54493      113471        4582      355007      460898
Swap:           8191          48        8143
               total        used        free      shared  buff/cache   available
Mem:          515391       56563      111401        4582      355007      458827
Swap:           8191          48        8143
               total        used        free      shared  buff/cache   available
Mem:          515391       58050      109915        4582      355007      457341
Swap:           8191          48        8143
               total        used        free      shared  buff/cache   available
Mem:          515391       60449      107515        4582      355007      454941
Swap:           8191          48        8143
               total        used        free      shared  buff/cache   available
Mem:          515391       62811      105153        4582      355007      452580
Swap:           8191          48        8143
               total        used        free      shared  buff/cache   available
Mem:          515391       65187      102777        4582      355007      450204
Swap:           8191          48        8143
               total        used        free      shared  buff/cache   available
Mem:          515391       67353      100612        4582      355007      448038
Swap:           8191          48        8143
               total        used        free      shared  buff/cache   available
Mem:          515391       69757       98207        4582      355007      445633
Swap:           8191          48        8143
               total        used        free      shared  buff/cache   available
Mem:          515391       72078       95886        4582      355007      443312
Swap:           8191          48        8143
               total        used        free      shared  buff/cache   available
Mem:          515391       74566       93399        4582      355007      440825
Swap:           8191          48        8143
               total        used        free      shared  buff/cache   available
Mem:          515391       76926       91038        4582      355007      438465
Swap:           8191          48        8143
               total        used        free      shared  buff/cache   available
Mem:          515391       79420       88545        4582      355007      435971
Swap:           8191          48        8143
               total        used        free      shared  buff/cache   available
Mem:          515391       81805       86160        4582      355007      433586
Swap:           8191          48        8143
               total        used        free      shared  buff/cache   available
Mem:          515391       84062       83902        4582      355007      431328
Swap:           8191          48        8143
               total        used        free      shared  buff/cache   available
Mem:          515391       86460       81505        4582      355007      428931
Swap:           8191          48        8143
               total        used        free      shared  buff/cache   available
Mem:          515391       88753       79211        4582      355007      426637
Swap:           8191          48        8143
               total        used        free      shared  buff/cache   available
Mem:          515391       90978       76986        4582      355007      424413
Swap:           8191          48        8143
               total        used        free      shared  buff/cache   available
Mem:          515391       93054       74910        4582      355007      422336
Swap:           8191          48        8143
               total        used        free      shared  buff/cache   available
Mem:          515391       95492       72472        4582      355007      419898
Swap:           8191          48        8143
               total        used        free      shared  buff/cache   available
Mem:          515391       78593       89372        4582      355007      436798
Swap:           8191          48        8143
               total        used        free      shared  buff/cache   available
Mem:          515391       60222      107743        4582      355007      455169
Swap:           8191          48        8143
               total        used        free      shared  buff/cache   available
Mem:          515391       56506      111458        4582      355007      458885
Swap:           8191          48        8143
               total        used        free      shared  buff/cache   available
Mem:          515391       60579      107386        4582      355007      454812
Swap:           8191          48        8143
               total        used        free      shared  buff/cache   available
Mem:          515391      107502       60463        4582      355007      407889
Swap:           8191          48        8143
               total        used        free      shared  buff/cache   available
Mem:          515391      116553       51410        4582      355007      398837
Swap:           8191          48        8143
               total        used        free      shared  buff/cache   available
Mem:          515391      107922       60042        4582      355007      407468
Swap:           8191          48        8143
               total        used        free      shared  buff/cache   available
Mem:          515391      135115       32849        4582      355007      380276
Swap:           8191          48        8143
               total        used        free      shared  buff/cache   available
Mem:          515391      151080       16885        4582      355007      364311
Swap:           8191          48        8143
               total        used        free      shared  buff/cache   available
Mem:          515391      141454       26511        4582      355007      373937
Swap:           8191          48        8143
               total        used        free      shared  buff/cache   available
Mem:          515391      126107       41858        4582      355007      389284
Swap:           8191          48        8143
               total        used        free      shared  buff/cache   available
Mem:          515391      136290       31675        4582      355007      379101
Swap:           8191          48        8143
               total        used        free      shared  buff/cache   available
Mem:          515391      145842       22123        4582      355007      369549
Swap:           8191          48        8143
               total        used        free      shared  buff/cache   available
Mem:          515391      156635       11329        4582      355007      358756
Swap:           8191          48        8143
               total        used        free      shared  buff/cache   available
Mem:          515391      160727        7242        4582      355003      354664
Swap:           8191          48        8143
               total        used        free      shared  buff/cache   available
Mem:          515391      161029        6939        4578      354999      354362
Swap:           8191          48        8143
               total        used        free      shared  buff/cache   available
Mem:          515391       72567       95399        4348      354771      442824
Swap:           8191          48        8143
