               total        used        free      shared  buff/cache   available
Mem:          515391       54302      197282       44463      311432      461088
Swap:           8191          70        8121
               total        used        free      shared  buff/cache   available
Mem:          515391       54352      197229       44463      311435      461038
Swap:           8191          70        8121
               total        used        free      shared  buff/cache   available
Mem:          515391       54351      197229       44463      311437      461040
Swap:           8191          70        8121
               total        used        free      shared  buff/cache   available
Mem:          515391       54398      197181       44471      311446      460993
Swap:           8191          70        8121
               total        used        free      shared  buff/cache   available
Mem:          515391       54546      197027       44472      311452      460845
Swap:           8191          70        8121
               total        used        free      shared  buff/cache   available
Mem:          515391       57589      193982       44863      311845      457801
Swap:           8191          70        8121
               total        used        free      shared  buff/cache   available
Mem:          515391       59779      191792       44863      311845      455612
Swap:           8191          70        8121
               total        used        free      shared  buff/cache   available
Mem:          515391       62276      189295       44863      311845      453115
Swap:           8191          70        8121
               total        used        free      shared  buff/cache   available
Mem:          515391       64845      186726       44863      311845      450545
Swap:           8191          70        8121
               total        used        free      shared  buff/cache   available
Mem:          515391       67422      184150       44863      311845      447969
Swap:           8191          70        8121
               total        used        free      shared  buff/cache   available
Mem:          515391       70014      181558       44863      311845      445377
Swap:           8191          70        8121
               total        used        free      shared  buff/cache   available
Mem:          515391       72586      178985       44863      311845      442805
Swap:           8191          70        8121
               total        used        free      shared  buff/cache   available
Mem:          515391       75179      176610       44863      311653      440212
Swap:           8191          70        8121
               total        used        free      shared  buff/cache   available
Mem:          515391       77451      174662       44863      311308      437940
Swap:           8191          70        8121
               total        used        free      shared  buff/cache   available
Mem:          515391       79702      172411       44863      311308      435689
Swap:           8191          70        8121
               total        used        free      shared  buff/cache   available
Mem:          515391       82000      170113       44863      311308      433391
Swap:           8191          70        8121
               total        used        free      shared  buff/cache   available
Mem:          515391       84290      167823       44863      311307      431101
Swap:           8191          70        8121
               total        used        free      shared  buff/cache   available
Mem:          515391       86573      165540       44863      311307      428818
Swap:           8191          70        8121
               total        used        free      shared  buff/cache   available
Mem:          515391       88856      163257       44863      311307      426535
Swap:           8191          70        8121
               total        used        free      shared  buff/cache   available
Mem:          515391       91132      161085       44863      311211      424259
Swap:           8191          70        8121
               total        used        free      shared  buff/cache   available
Mem:          515391       93337      160088       44863      309995      422054
Swap:           8191          70        8121
               total        used        free      shared  buff/cache   available
Mem:          515391       95582      158640       44863      309199      419809
Swap:           8191          70        8121
               total        used        free      shared  buff/cache   available
Mem:          515391       97618      157273       44863      308529      417773
Swap:           8191          70        8121
               total        used        free      shared  buff/cache   available
Mem:          515391       99780      155632       44863      308009      415611
Swap:           8191          70        8121
               total        used        free      shared  buff/cache   available
Mem:          515391      102053      153358       44863      308009      413338
Swap:           8191          70        8121
               total        used        free      shared  buff/cache   available
Mem:          515391      104350      151062       44863      308009      411041
Swap:           8191          70        8121
               total        used        free      shared  buff/cache   available
Mem:          515391      106805      148607       44863      308009      408586
Swap:           8191          70        8121
               total        used        free      shared  buff/cache   available
Mem:          515391      108944      146468       44863      308009      406447
Swap:           8191          70        8121
               total        used        free      shared  buff/cache   available
Mem:          515391      111434      143978       44863      308009      403957
Swap:           8191          70        8121
               total        used        free      shared  buff/cache   available
Mem:          515391      113719      141693       44863      308009      401672
Swap:           8191          70        8121
               total        used        free      shared  buff/cache   available
Mem:          515391      116030      139381       44863      308009      399361
Swap:           8191          70        8121
               total        used        free      shared  buff/cache   available
Mem:          515391      118132      137280       44863      308009      397259
Swap:           8191          70        8121
               total        used        free      shared  buff/cache   available
Mem:          515391      120536      134876       44863      308009      394855
Swap:           8191          70        8121
               total        used        free      shared  buff/cache   available
Mem:          515391      122819      132592       44863      308009      392572
Swap:           8191          70        8121
               total        used        free      shared  buff/cache   available
Mem:          515391      125269      130143       44863      308009      390122
Swap:           8191          70        8121
               total        used        free      shared  buff/cache   available
Mem:          515391      127534      127877       44863      308009      387857
Swap:           8191          70        8121
               total        used        free      shared  buff/cache   available
Mem:          515391      130004      125408       44863      308009      385387
Swap:           8191          70        8121
               total        used        free      shared  buff/cache   available
Mem:          515391      132225      123186       44863      308009      383166
Swap:           8191          70        8121
               total        used        free      shared  buff/cache   available
Mem:          515391      134417      120994       44863      308009      380974
Swap:           8191          70        8121
               total        used        free      shared  buff/cache   available
Mem:          515391      135350      120057       44863      308009      380041
Swap:           8191          70        8121
               total        used        free      shared  buff/cache   available
Mem:          515391      116329      139078       44863      308009      399062
Swap:           8191          70        8121
               total        used        free      shared  buff/cache   available
Mem:          515391       97404      158004       44863      308009      417987
Swap:           8191          70        8121
               total        used        free      shared  buff/cache   available
Mem:          515391       97398      158009       44863      308009      417993
Swap:           8191          70        8121
               total        used        free      shared  buff/cache   available
Mem:          515391      108894      146513       44863      308009      406496
Swap:           8191          70        8121
               total        used        free      shared  buff/cache   available
Mem:          515391      135554      119855       44863      308009      379837
Swap:           8191          70        8121
               total        used        free      shared  buff/cache   available
Mem:          515391      120799      136874       44863      305731      394592
Swap:           8191          70        8121
               total        used        free      shared  buff/cache   available
Mem:          515391      121134      136539       44863      305731      394257
Swap:           8191          70        8121
               total        used        free      shared  buff/cache   available
Mem:          515391      144566      113108       44863      305731      370825
Swap:           8191          70        8121
               total        used        free      shared  buff/cache   available
Mem:          515391      159589       98084       44863      305731      355802
Swap:           8191          70        8121
               total        used        free      shared  buff/cache   available
Mem:          515391      121360      136314       44863      305731      394031
Swap:           8191          70        8121
               total        used        free      shared  buff/cache   available
Mem:          515391      130221      127453       44863      305731      385170
Swap:           8191          70        8121
               total        used        free      shared  buff/cache   available
Mem:          515391      123471      134202       44863      305731      391920
Swap:           8191          70        8121
               total        used        free      shared  buff/cache   available
Mem:          515391      136809      120865       44863      305731      378582
Swap:           8191          70        8121
               total        used        free      shared  buff/cache   available
Mem:          515391      149104      108569       44863      305731      366287
Swap:           8191          70        8121
               total        used        free      shared  buff/cache   available
Mem:          515391      154060      103613       44863      305731      361331
Swap:           8191          70        8121
               total        used        free      shared  buff/cache   available
Mem:          515391      161588       96086       44863      305731      353803
Swap:           8191          70        8121
               total        used        free      shared  buff/cache   available
Mem:          515391      146413      111260       44863      305731      368978
Swap:           8191          70        8121
               total        used        free      shared  buff/cache   available
Mem:          515391      122436      135278       44863      305731      392955
Swap:           8191          70        8121
               total        used        free      shared  buff/cache   available
Mem:          515391      129055      128659       44863      305731      386336
Swap:           8191          70        8121
               total        used        free      shared  buff/cache   available
Mem:          515391      128235      129611       44863      305554      387156
Swap:           8191          70        8121
               total        used        free      shared  buff/cache   available
Mem:          515391      123661      134190       44863      305554      391730
Swap:           8191          70        8121
               total        used        free      shared  buff/cache   available
Mem:          515391      131319      126531       44863      305554      384072
Swap:           8191          70        8121
               total        used        free      shared  buff/cache   available
Mem:          515391      139046      118804       44863      305554      376345
Swap:           8191          70        8121
               total        used        free      shared  buff/cache   available
Mem:          515391      146749      111101       44863      305554      368641
Swap:           8191          70        8121
               total        used        free      shared  buff/cache   available
Mem:          515391      151642      106208       44863      305554      363749
Swap:           8191          70        8121
               total        used        free      shared  buff/cache   available
Mem:          515391      156975      100876       44863      305554      358416
Swap:           8191          70        8121
