

Nprocs=2
Allocation started------152885488
Generation started------152885488
Generation ended--------121553844
Distribution started----121553844
Distribution ended------90014848
Freeing ended-----------105704912
Merging started---------105727600
While merging------105715576
Merging ended-----------90103752

Nprocs=4
Allocation started------152272948
Generation started------152272948
Generation ended--------121082484
Distribution started----121083752
Distribution ended------89071984
Freeing ended-----------96941440
Merging started---------96964724
While merging------104816400
While merging------103661028
While merging------82465372
Merging ended-----------90084200

Nprocs=8
Allocation started------152147856
Generation started------152147856
Generation ended--------120829296
Distribution started----120829296
Distribution ended------89623084
Freeing ended-----------120853272
Merging started---------120939076
While merging------106545524
While merging------106509472
While merging------107399384
While merging------114571040
While merging------101249680
While merging------107176536
While merging------98078504
Merging ended-----------108265740

Nprocs=16
Allocation started------154630040
Generation started------154630040
Generation ended--------123355652
Distribution started----123355652
Distribution ended------91959764
Freeing ended-----------123196928
Merging started---------123249516
While merging------108963376
While merging------108973192
While merging------109005836
While merging------109971364
While merging------112045076
While merging------112060224
While merging------112900172
While merging------114031152
While merging------101770756
While merging------102826880
While merging------103949824
While merging------109990380
While merging------99163684
While merging------106790088
While merging------97149616
Merging ended-----------105671332

Nprocs=32
Allocation started------151210772
Generation started------151210772
Generation ended--------120976948
Distribution started----120976948
Distribution ended------90120252
Freeing ended-----------121411144
Merging started---------121463624
While merging------107322508
While merging------107034252
While merging------107067996
While merging------107088660
While merging------107385628
While merging------107390860
While merging------107790828
While merging------108768836
While merging------108883092
While merging------109370780
While merging------109537092
While merging------109551776
While merging------109977036
While merging------110397116
While merging------110639660
While merging------111585108
While merging------97784684
While merging------97806500
While merging------97828588
While merging------97866512
While merging------98233088
While merging------99165636
While merging------99320532
While merging------99672288
While merging------94629788
While merging------94903984
While merging------95153968
While merging------106340836
While merging------93002640
While merging------99240100
While merging------94010012
Merging ended-----------104066232

Nprocs=64
Allocation started------150128488
Generation started------150127984
Generation ended--------120026392
Distribution started----120026392
Distribution ended------88690568
Freeing ended-----------119968556
Merging started---------119978284
While merging------106716992
While merging------106656320
While merging------106494144
While merging------106068160
While merging------105983056
While merging------105961408
While merging------105940296
While merging------105911236
While merging------105793728
While merging------105787968
While merging------105792608
While merging------105782828
While merging------105783568
While merging------105785032
While merging------105786472
While merging------105760320
While merging------105894164
While merging------106039140
While merging------106088520
While merging------106397260
While merging------106572540
While merging------106653752
While merging------106654208
While merging------108503324
While merging------108590668
While merging------109055152
While merging------109500464
While merging------109557692
While merging------109581576
While merging------109980384
While merging------110039720
While merging------110297392
While merging------95306932
While merging------95148044
While merging------94921740
While merging------94753700
While merging------94849980
While merging------94944700
While merging------94954300
While merging------94929212
While merging------95459612
While merging------96392460
While merging------96680288
While merging------97910368
While merging------98164068
While merging------98289692
While merging------98331524
While merging------98380420
While merging------86341660
While merging------86447880
While merging------86487688
While merging------87028960
While merging------87633752
While merging------89441052
While merging------89494112
While merging------89510744
While merging------80257688
While merging------81411608
While merging------81556536
While merging------81909472
While merging------83874580
While merging------91270588
While merging------86552672
Merging ended-----------98308252

Nprocs=128
Allocation started------145618280
Generation started------145618576
Generation ended--------116930376
Distribution started----116930376
Distribution ended------85314900
Freeing ended-----------116595500
Merging started---------116597012
While merging------104349888
While merging------104296200
While merging------104142356
While merging------104122532
While merging------104096240
While merging------103982952
While merging------103886096
While merging------103864572
While merging------103762112
While merging------103708384
While merging------103658472
While merging------103677544
While merging------103685104
While merging------103695184
While merging------103687120
While merging------103687120
While merging------103672044
While merging------103672540
While merging------103672012
While merging------103672012
While merging------103671232
While merging------103660184
While merging------103644144
While merging------103638268
While merging------103622980
While merging------103613700
While merging------103589204
While merging------103589084
While merging------103585460
While merging------103572468
While merging------103595932
While merging------103598304
While merging------105426980
While merging------105421992
While merging------105440224
While merging------105445064
While merging------105436204
While merging------105371412
While merging------105357508
While merging------105318176
While merging------105304476
While merging------105296156
While merging------105305532
While merging------105323868
While merging------105323356
While merging------105313816
While merging------105272868
While merging------105353948
While merging------105897340
While merging------105915296
While merging------105915296
While merging------105945708
While merging------105936116
While merging------105948716
While merging------105921892
While merging------105970320
While merging------105973832
While merging------105931248
While merging------105928220
While merging------105926588
While merging------105937120
While merging------105909860
While merging------105625632
While merging------105582120
While merging------94416136
While merging------94402824
While merging------94370056
While merging------94296840
While merging------94241432
While merging------94203760
While merging------94092008
While merging------93631184
While merging------92837184
While merging------92791200
While merging------92768880
While merging------92760992
While merging------92681360
While merging------92496024
While merging------92459968
While merging------92187168
While merging------91994780
While merging------91986836
While merging------91993044
While merging------92023712
While merging------91992504
While merging------91992504
While merging------92021268
While merging------92029708
While merging------92019352
While merging------92011732
While merging------92027736
While merging------92019880
While merging------92004196
While merging------91979888
While merging------91996016
While merging------92002508
While merging------81379068
While merging------81192828
While merging------81151764
While merging------81162980
While merging------81148236
While merging------81143116
While merging------81080820
While merging------81083324
While merging------84543000
While merging------84535716
While merging------84568852
While merging------84524696
While merging------84520216
While merging------84504468
While merging------84423700
While merging------84343060
While merging------74855972
While merging------74616476
While merging------74553488
While merging------74579880
While merging------74590380
While merging------74597664
While merging------74835920
While merging------77293220
While merging------75556836
While merging------78039788
While merging------78152648
While merging------82364540
While merging------80971496
While merging------86839184
While merging------86967644
Merging ended-----------98803224