Wed Sep  4 12:30:28 CEST 2024:
               total        used        free      shared  buff/cache   available
Mem:          515391        9340      316350         177      192984      506051
Swap:           8191          42        8149
Wed Sep  4 12:30:29 CEST 2024:
               total        used        free      shared  buff/cache   available
Mem:          515391        9445      316244         186      192994      505946
Swap:           8191          42        8149
Wed Sep  4 12:30:30 CEST 2024:
               total        used        free      shared  buff/cache   available
Mem:          515391       12968      312718         577      193388      502423
Swap:           8191          42        8149
Wed Sep  4 12:30:31 CEST 2024:
               total        used        free      shared  buff/cache   available
Mem:          515391       15298      310389         578      193388      500093
Swap:           8191          42        8149
Wed Sep  4 12:30:32 CEST 2024:
               total        used        free      shared  buff/cache   available
Mem:          515391       17866      307821         578      193388      497525
Swap:           8191          42        8149
Wed Sep  4 12:30:33 CEST 2024:
               total        used        free      shared  buff/cache   available
Mem:          515391       20354      305332         578      193388      495036
Swap:           8191          42        8149
Wed Sep  4 12:30:34 CEST 2024:
               total        used        free      shared  buff/cache   available
Mem:          515391       27915      297771         578      193388      487476
Swap:           8191          42        8149
Wed Sep  4 12:30:35 CEST 2024:
               total        used        free      shared  buff/cache   available
Mem:          515391       33150      292536         578      193388      482241
Swap:           8191          42        8149
Wed Sep  4 12:30:36 CEST 2024:
               total        used        free      shared  buff/cache   available
Mem:          515391       37876      287809         578      193388      477514
Swap:           8191          42        8149
Wed Sep  4 12:30:37 CEST 2024:
               total        used        free      shared  buff/cache   available
Mem:          515391       38005      287682         578      193388      477386
Swap:           8191          42        8149
Wed Sep  4 12:30:38 CEST 2024:
               total        used        free      shared  buff/cache   available
Mem:          515391       35938      289748         578      193388      479453
Swap:           8191          42        8149
Wed Sep  4 12:30:39 CEST 2024:
               total        used        free      shared  buff/cache   available
Mem:          515391       38195      287491         578      193388      477196
Swap:           8191          42        8149
Wed Sep  4 12:30:40 CEST 2024:
               total        used        free      shared  buff/cache   available
Mem:          515391       40515      285172         578      193388      474876
Swap:           8191          42        8149
Wed Sep  4 12:30:41 CEST 2024:
               total        used        free      shared  buff/cache   available
Mem:          515391       42566      283121         578      193388      472825
Swap:           8191          42        8149
Wed Sep  4 12:30:42 CEST 2024:
               total        used        free      shared  buff/cache   available
Mem:          515391       21543      304143         578      193388      493848
Swap:           8191          42        8149
