
Allocation started------394033380
Generation started------394033380
Generation ended--------394017756
Distribution started----394017756
Distribution ended------394010100
Freeing ended-----------394009588
Merging started---------394009588
Merging ended-----------393994316
Allocation started------393748256
Generation started------393748256
Generation ended--------393720240
Distribution started----393720240
Distribution ended------393684584
Freeing ended-----------393684584
Merging started---------393680556
Merging ended-----------393614424
Allocation started------393612276
Generation started------393612276
Generation ended--------393555876
Distribution started----393555876
Distribution ended------393494764
Freeing ended-----------393494764
Merging started---------393493252
Merging ended-----------393307276
Allocation started------392989708
Generation started------392989708
Generation ended--------392901380
Distribution started----392901380
Distribution ended------392811224
Freeing ended-----------392803068
Merging started---------392803068
Merging ended-----------392367096
Allocation started------391660908
Generation started------391660908
Generation ended--------391450604
Distribution started----391450604
Distribution ended------391246352
Freeing ended-----------391246352
Merging started---------391246352
Merging ended-----------390026864
Allocation started------389023808
Generation started------389023808
Generation ended--------388613572
Distribution started----388613572
Distribution ended------388212292
Freeing ended-----------388212292
Merging started---------388212292
Merging ended-----------385537552
Allocation started------384719724
Generation started------384719724
Generation ended--------383911564
Distribution started----383911564
Distribution ended------383146244
Freeing ended-----------383509220
Merging started---------383509220
Merging ended-----------378087944
Allocation started------384477856
Generation started------384477856
Generation ended--------382948892
Distribution started----382948892
Distribution ended------382275912
Freeing ended-----------382646856
Merging started---------382646856
Merging ended-----------376531224