
Allocation started------427694356
Generation started------427694356
Generation ended--------426783532
Distribution started----426783532
Distribution ended------425516692
Freeing ended-----------425653780
Merging started---------425667720
Merging ended-----------425026728
Allocation started------426970436
Generation started------426970436
Generation ended--------424476172
Distribution started----424476172
Distribution ended------421956588
Freeing ended-----------422464620
Merging started---------422489364
Merging ended-----------421336808
Allocation started------426360816
Generation started------426360816
Generation ended--------421807768
Distribution started----421807768
Distribution ended------416756292
Freeing ended-----------421401156
Merging started---------421409060
Merging ended-----------416327260
Allocation started------423662100
Generation started------423662100
Generation ended--------413937376
Distribution started----413937376
Distribution ended------404693676
Freeing ended-----------414442996
Merging started---------414451316
Merging ended-----------405362604
Allocation started------420023704
Generation started------420023704
Generation ended--------400595316
Distribution started----400595316
Distribution ended------382035744
Freeing ended-----------401913268
Merging started---------401937712
Merging ended-----------388418408
Allocation started------418143968
Generation started------418173212
Generation ended--------379950280
Distribution started----379950688
Distribution ended------340478484
Freeing ended-----------380529868
Merging started---------380535224
Merging ended-----------360452924
Allocation started------418089556
Generation started------418089556
Generation ended--------341452752
Distribution started----341452752
Allocation started------418761892